<?xml version="1.0" encoding="UTF-8"?>
<testsuite xmlns:xsi="http://www.w3.org/2001/XMLSchema-instance" xsi:noNamespaceSchemaLocation="https://maven.apache.org/surefire/maven-surefire-plugin/xsd/surefire-test-report-3.0.xsd" version="3.0" name="org.harshit.authenticator.AuthenticatorApplicationTests" time="2.225" tests="3" errors="0" skipped="0" failures="0">
  <properties>
    <property name="java.specification.version" value="23"/>
    <property name="sun.jnu.encoding" value="UTF-8"/>
    <property name="java.class.path" value="/Users/harshitgarg/JAVA-projects/authenticator/target/test-classes:/Users/harshitgarg/JAVA-projects/authenticator/target/classes:/Users/harshitgarg/.m2/repository/org/springframework/boot/spring-boot-starter/3.3.5/spring-boot-starter-3.3.5.jar:/Users/harshitgarg/.m2/repository/org/springframework/boot/spring-boot/3.3.5/spring-boot-3.3.5.jar:/Users/harshitgarg/.m2/repository/org/springframework/spring-context/6.1.14/spring-context-6.1.14.jar:/Users/harshitgarg/.m2/repository/org/springframework/spring-aop/6.1.14/spring-aop-6.1.14.jar:/Users/harshitgarg/.m2/repository/org/springframework/spring-beans/6.1.14/spring-beans-6.1.14.jar:/Users/harshitgarg/.m2/repository/org/springframework/spring-expression/6.1.14/spring-expression-6.1.14.jar:/Users/harshitgarg/.m2/repository/io/micrometer/micrometer-observation/1.13.6/micrometer-observation-1.13.6.jar:/Users/harshitgarg/.m2/repository/io/micrometer/micrometer-commons/1.13.6/micrometer-commons-1.13.6.jar:/Users/harshitgarg/.m2/repository/org/springframework/boot/spring-boot-autoconfigure/3.3.5/spring-boot-autoconfigure-3.3.5.jar:/Users/harshitgarg/.m2/repository/org/springframework/boot/spring-boot-starter-logging/3.3.5/spring-boot-starter-logging-3.3.5.jar:/Users/harshitgarg/.m2/repository/ch/qos/logback/logback-classic/1.5.11/logback-classic-1.5.11.jar:/Users/harshitgarg/.m2/repository/ch/qos/logback/logback-core/1.5.11/logback-core-1.5.11.jar:/Users/harshitgarg/.m2/repository/org/apache/logging/log4j/log4j-to-slf4j/2.23.1/log4j-to-slf4j-2.23.1.jar:/Users/harshitgarg/.m2/repository/org/apache/logging/log4j/log4j-api/2.23.1/log4j-api-2.23.1.jar:/Users/harshitgarg/.m2/repository/org/slf4j/jul-to-slf4j/2.0.16/jul-to-slf4j-2.0.16.jar:/Users/harshitgarg/.m2/repository/jakarta/annotation/jakarta.annotation-api/2.1.1/jakarta.annotation-api-2.1.1.jar:/Users/harshitgarg/.m2/repository/org/springframework/spring-core/6.1.14/spring-core-6.1.14.jar:/Users/harshitgarg/.m2/repository/org/springframework/spring-jcl/6.1.14/spring-jcl-6.1.14.jar:/Users/harshitgarg/.m2/repository/org/yaml/snakeyaml/2.2/snakeyaml-2.2.jar:/Users/harshitgarg/.m2/repository/org/springframework/boot/spring-boot-starter-test/3.3.5/spring-boot-starter-test-3.3.5.jar:/Users/harshitgarg/.m2/repository/org/springframework/boot/spring-boot-test/3.3.5/spring-boot-test-3.3.5.jar:/Users/harshitgarg/.m2/repository/org/springframework/boot/spring-boot-test-autoconfigure/3.3.5/spring-boot-test-autoconfigure-3.3.5.jar:/Users/harshitgarg/.m2/repository/com/jayway/jsonpath/json-path/2.9.0/json-path-2.9.0.jar:/Users/harshitgarg/.m2/repository/org/slf4j/slf4j-api/2.0.16/slf4j-api-2.0.16.jar:/Users/harshitgarg/.m2/repository/jakarta/xml/bind/jakarta.xml.bind-api/4.0.2/jakarta.xml.bind-api-4.0.2.jar:/Users/harshitgarg/.m2/repository/jakarta/activation/jakarta.activation-api/2.1.3/jakarta.activation-api-2.1.3.jar:/Users/harshitgarg/.m2/repository/net/minidev/json-smart/2.5.1/json-smart-2.5.1.jar:/Users/harshitgarg/.m2/repository/net/minidev/accessors-smart/2.5.1/accessors-smart-2.5.1.jar:/Users/harshitgarg/.m2/repository/org/ow2/asm/asm/9.6/asm-9.6.jar:/Users/harshitgarg/.m2/repository/org/assertj/assertj-core/3.25.3/assertj-core-3.25.3.jar:/Users/harshitgarg/.m2/repository/net/bytebuddy/byte-buddy/1.14.19/byte-buddy-1.14.19.jar:/Users/harshitgarg/.m2/repository/org/awaitility/awaitility/4.2.2/awaitility-4.2.2.jar:/Users/harshitgarg/.m2/repository/org/hamcrest/hamcrest/2.2/hamcrest-2.2.jar:/Users/harshitgarg/.m2/repository/org/junit/jupiter/junit-jupiter/5.10.5/junit-jupiter-5.10.5.jar:/Users/harshitgarg/.m2/repository/org/junit/jupiter/junit-jupiter-api/5.10.5/junit-jupiter-api-5.10.5.jar:/Users/harshitgarg/.m2/repository/org/opentest4j/opentest4j/1.3.0/opentest4j-1.3.0.jar:/Users/harshitgarg/.m2/repository/org/junit/platform/junit-platform-commons/1.10.5/junit-platform-commons-1.10.5.jar:/Users/harshitgarg/.m2/repository/org/apiguardian/apiguardian-api/1.1.2/apiguardian-api-1.1.2.jar:/Users/harshitgarg/.m2/repository/org/junit/jupiter/junit-jupiter-params/5.10.5/junit-jupiter-params-5.10.5.jar:/Users/harshitgarg/.m2/repository/org/junit/jupiter/junit-jupiter-engine/5.10.5/junit-jupiter-engine-5.10.5.jar:/Users/harshitgarg/.m2/repository/org/junit/platform/junit-platform-engine/1.10.5/junit-platform-engine-1.10.5.jar:/Users/harshitgarg/.m2/repository/org/mockito/mockito-core/5.11.0/mockito-core-5.11.0.jar:/Users/harshitgarg/.m2/repository/net/bytebuddy/byte-buddy-agent/1.14.19/byte-buddy-agent-1.14.19.jar:/Users/harshitgarg/.m2/repository/org/objenesis/objenesis/3.3/objenesis-3.3.jar:/Users/harshitgarg/.m2/repository/org/mockito/mockito-junit-jupiter/5.11.0/mockito-junit-jupiter-5.11.0.jar:/Users/harshitgarg/.m2/repository/org/skyscreamer/jsonassert/1.5.3/jsonassert-1.5.3.jar:/Users/harshitgarg/.m2/repository/com/vaadin/external/google/android-json/0.0.20131108.vaadin1/android-json-0.0.20131108.vaadin1.jar:/Users/harshitgarg/.m2/repository/org/springframework/spring-test/6.1.14/spring-test-6.1.14.jar:/Users/harshitgarg/.m2/repository/org/xmlunit/xmlunit-core/2.9.1/xmlunit-core-2.9.1.jar:/Users/harshitgarg/.m2/repository/org/springframework/cloud/spring-cloud-starter-gateway/4.1.4/spring-cloud-starter-gateway-4.1.4.jar:/Users/harshitgarg/.m2/repository/org/springframework/cloud/spring-cloud-starter/4.1.3/spring-cloud-starter-4.1.3.jar:/Users/harshitgarg/.m2/repository/org/springframework/cloud/spring-cloud-context/4.1.3/spring-cloud-context-4.1.3.jar:/Users/harshitgarg/.m2/repository/org/springframework/security/spring-security-crypto/6.3.4/spring-security-crypto-6.3.4.jar:/Users/harshitgarg/.m2/repository/org/springframework/cloud/spring-cloud-commons/4.1.3/spring-cloud-commons-4.1.3.jar:/Users/harshitgarg/.m2/repository/org/springframework/security/spring-security-rsa/1.1.3/spring-security-rsa-1.1.3.jar:/Users/harshitgarg/.m2/repository/org/bouncycastle/bcprov-jdk18on/1.78/bcprov-jdk18on-1.78.jar:/Users/harshitgarg/.m2/repository/org/springframework/cloud/spring-cloud-gateway-server/4.1.4/spring-cloud-gateway-server-4.1.4.jar:/Users/harshitgarg/.m2/repository/org/springframework/boot/spring-boot-starter-validation/3.3.5/spring-boot-starter-validation-3.3.5.jar:/Users/harshitgarg/.m2/repository/org/apache/tomcat/embed/tomcat-embed-el/10.1.31/tomcat-embed-el-10.1.31.jar:/Users/harshitgarg/.m2/repository/org/hibernate/validator/hibernate-validator/8.0.1.Final/hibernate-validator-8.0.1.Final.jar:/Users/harshitgarg/.m2/repository/jakarta/validation/jakarta.validation-api/3.0.2/jakarta.validation-api-3.0.2.jar:/Users/harshitgarg/.m2/repository/org/jboss/logging/jboss-logging/3.5.3.Final/jboss-logging-3.5.3.Final.jar:/Users/harshitgarg/.m2/repository/com/fasterxml/classmate/1.7.0/classmate-1.7.0.jar:/Users/harshitgarg/.m2/repository/io/projectreactor/addons/reactor-extra/3.5.2/reactor-extra-3.5.2.jar:/Users/harshitgarg/.m2/repository/io/projectreactor/reactor-core/3.6.11/reactor-core-3.6.11.jar:/Users/harshitgarg/.m2/repository/org/reactivestreams/reactive-streams/1.0.4/reactive-streams-1.0.4.jar:/Users/harshitgarg/.m2/repository/org/springframework/boot/spring-boot-starter-webflux/3.3.5/spring-boot-starter-webflux-3.3.5.jar:/Users/harshitgarg/.m2/repository/org/springframework/boot/spring-boot-starter-json/3.3.5/spring-boot-starter-json-3.3.5.jar:/Users/harshitgarg/.m2/repository/com/fasterxml/jackson/datatype/jackson-datatype-jdk8/2.17.2/jackson-datatype-jdk8-2.17.2.jar:/Users/harshitgarg/.m2/repository/com/fasterxml/jackson/datatype/jackson-datatype-jsr310/2.17.2/jackson-datatype-jsr310-2.17.2.jar:/Users/harshitgarg/.m2/repository/com/fasterxml/jackson/module/jackson-module-parameter-names/2.17.2/jackson-module-parameter-names-2.17.2.jar:/Users/harshitgarg/.m2/repository/org/springframework/boot/spring-boot-starter-reactor-netty/3.3.5/spring-boot-starter-reactor-netty-3.3.5.jar:/Users/harshitgarg/.m2/repository/io/projectreactor/netty/reactor-netty-http/1.1.23/reactor-netty-http-1.1.23.jar:/Users/harshitgarg/.m2/repository/io/netty/netty-codec-http/4.1.114.Final/netty-codec-http-4.1.114.Final.jar:/Users/harshitgarg/.m2/repository/io/netty/netty-common/4.1.114.Final/netty-common-4.1.114.Final.jar:/Users/harshitgarg/.m2/repository/io/netty/netty-buffer/4.1.114.Final/netty-buffer-4.1.114.Final.jar:/Users/harshitgarg/.m2/repository/io/netty/netty-transport/4.1.114.Final/netty-transport-4.1.114.Final.jar:/Users/harshitgarg/.m2/repository/io/netty/netty-codec/4.1.114.Final/netty-codec-4.1.114.Final.jar:/Users/harshitgarg/.m2/repository/io/netty/netty-handler/4.1.114.Final/netty-handler-4.1.114.Final.jar:/Users/harshitgarg/.m2/repository/io/netty/netty-codec-http2/4.1.114.Final/netty-codec-http2-4.1.114.Final.jar:/Users/harshitgarg/.m2/repository/io/netty/netty-resolver-dns/4.1.114.Final/netty-resolver-dns-4.1.114.Final.jar:/Users/harshitgarg/.m2/repository/io/netty/netty-resolver/4.1.114.Final/netty-resolver-4.1.114.Final.jar:/Users/harshitgarg/.m2/repository/io/netty/netty-codec-dns/4.1.114.Final/netty-codec-dns-4.1.114.Final.jar:/Users/harshitgarg/.m2/repository/io/netty/netty-resolver-dns-native-macos/4.1.114.Final/netty-resolver-dns-native-macos-4.1.114.Final-osx-x86_64.jar:/Users/harshitgarg/.m2/repository/io/netty/netty-resolver-dns-classes-macos/4.1.114.Final/netty-resolver-dns-classes-macos-4.1.114.Final.jar:/Users/harshitgarg/.m2/repository/io/netty/netty-transport-native-epoll/4.1.114.Final/netty-transport-native-epoll-4.1.114.Final-linux-x86_64.jar:/Users/harshitgarg/.m2/repository/io/netty/netty-transport-native-unix-common/4.1.114.Final/netty-transport-native-unix-common-4.1.114.Final.jar:/Users/harshitgarg/.m2/repository/io/netty/netty-transport-classes-epoll/4.1.114.Final/netty-transport-classes-epoll-4.1.114.Final.jar:/Users/harshitgarg/.m2/repository/io/projectreactor/netty/reactor-netty-core/1.1.23/reactor-netty-core-1.1.23.jar:/Users/harshitgarg/.m2/repository/io/netty/netty-handler-proxy/4.1.114.Final/netty-handler-proxy-4.1.114.Final.jar:/Users/harshitgarg/.m2/repository/io/netty/netty-codec-socks/4.1.114.Final/netty-codec-socks-4.1.114.Final.jar:/Users/harshitgarg/.m2/repository/org/springframework/spring-web/6.1.14/spring-web-6.1.14.jar:/Users/harshitgarg/.m2/repository/org/springframework/spring-webflux/6.1.14/spring-webflux-6.1.14.jar:/Users/harshitgarg/.m2/repository/mysql/mysql-connector-java/8.0.29/mysql-connector-java-8.0.29.jar:/Users/harshitgarg/.m2/repository/com/google/protobuf/protobuf-java/3.19.4/protobuf-java-3.19.4.jar:/Users/harshitgarg/.m2/repository/com/auth0/java-jwt/4.4.0/java-jwt-4.4.0.jar:/Users/harshitgarg/.m2/repository/com/fasterxml/jackson/core/jackson-databind/2.17.2/jackson-databind-2.17.2.jar:/Users/harshitgarg/.m2/repository/com/fasterxml/jackson/core/jackson-annotations/2.17.2/jackson-annotations-2.17.2.jar:/Users/harshitgarg/.m2/repository/com/fasterxml/jackson/core/jackson-core/2.17.2/jackson-core-2.17.2.jar:"/>
    <property name="java.vm.vendor" value="Homebrew"/>
    <property name="sun.arch.data.model" value="64"/>
    <property name="java.vendor.url" value="https://github.com/Homebrew/homebrew-core/issues"/>
    <property name="user.timezone" value="Asia/Kolkata"/>
    <property name="org.jboss.logging.provider" value="slf4j"/>
    <property name="os.name" value="Mac OS X"/>
    <property name="java.vm.specification.version" value="23"/>
    <property name="sun.java.launcher" value="SUN_STANDARD"/>
    <property name="user.country" value="IN"/>
    <property name="sun.boot.library.path" value="/opt/homebrew/Cellar/openjdk/23.0.1/libexec/openjdk.jdk/Contents/Home/lib"/>
    <property name="sun.java.command" value="/Users/harshitgarg/JAVA-projects/authenticator/target/surefire/surefirebooter-20241123135329503_3.jar /Users/harshitgarg/JAVA-projects/authenticator/target/surefire 2024-11-23T13-53-29_451-jvmRun1 surefire-20241123135329503_1tmp surefire_0-20241123135329503_2tmp"/>
    <property name="http.nonProxyHosts" value="local|*.local|169.254/16|*.169.254/16"/>
    <property name="jdk.debug" value="release"/>
    <property name="surefire.test.class.path" value="/Users/harshitgarg/JAVA-projects/authenticator/target/test-classes:/Users/harshitgarg/JAVA-projects/authenticator/target/classes:/Users/harshitgarg/.m2/repository/org/springframework/boot/spring-boot-starter/3.3.5/spring-boot-starter-3.3.5.jar:/Users/harshitgarg/.m2/repository/org/springframework/boot/spring-boot/3.3.5/spring-boot-3.3.5.jar:/Users/harshitgarg/.m2/repository/org/springframework/spring-context/6.1.14/spring-context-6.1.14.jar:/Users/harshitgarg/.m2/repository/org/springframework/spring-aop/6.1.14/spring-aop-6.1.14.jar:/Users/harshitgarg/.m2/repository/org/springframework/spring-beans/6.1.14/spring-beans-6.1.14.jar:/Users/harshitgarg/.m2/repository/org/springframework/spring-expression/6.1.14/spring-expression-6.1.14.jar:/Users/harshitgarg/.m2/repository/io/micrometer/micrometer-observation/1.13.6/micrometer-observation-1.13.6.jar:/Users/harshitgarg/.m2/repository/io/micrometer/micrometer-commons/1.13.6/micrometer-commons-1.13.6.jar:/Users/harshitgarg/.m2/repository/org/springframework/boot/spring-boot-autoconfigure/3.3.5/spring-boot-autoconfigure-3.3.5.jar:/Users/harshitgarg/.m2/repository/org/springframework/boot/spring-boot-starter-logging/3.3.5/spring-boot-starter-logging-3.3.5.jar:/Users/harshitgarg/.m2/repository/ch/qos/logback/logback-classic/1.5.11/logback-classic-1.5.11.jar:/Users/harshitgarg/.m2/repository/ch/qos/logback/logback-core/1.5.11/logback-core-1.5.11.jar:/Users/harshitgarg/.m2/repository/org/apache/logging/log4j/log4j-to-slf4j/2.23.1/log4j-to-slf4j-2.23.1.jar:/Users/harshitgarg/.m2/repository/org/apache/logging/log4j/log4j-api/2.23.1/log4j-api-2.23.1.jar:/Users/harshitgarg/.m2/repository/org/slf4j/jul-to-slf4j/2.0.16/jul-to-slf4j-2.0.16.jar:/Users/harshitgarg/.m2/repository/jakarta/annotation/jakarta.annotation-api/2.1.1/jakarta.annotation-api-2.1.1.jar:/Users/harshitgarg/.m2/repository/org/springframework/spring-core/6.1.14/spring-core-6.1.14.jar:/Users/harshitgarg/.m2/repository/org/springframework/spring-jcl/6.1.14/spring-jcl-6.1.14.jar:/Users/harshitgarg/.m2/repository/org/yaml/snakeyaml/2.2/snakeyaml-2.2.jar:/Users/harshitgarg/.m2/repository/org/springframework/boot/spring-boot-starter-test/3.3.5/spring-boot-starter-test-3.3.5.jar:/Users/harshitgarg/.m2/repository/org/springframework/boot/spring-boot-test/3.3.5/spring-boot-test-3.3.5.jar:/Users/harshitgarg/.m2/repository/org/springframework/boot/spring-boot-test-autoconfigure/3.3.5/spring-boot-test-autoconfigure-3.3.5.jar:/Users/harshitgarg/.m2/repository/com/jayway/jsonpath/json-path/2.9.0/json-path-2.9.0.jar:/Users/harshitgarg/.m2/repository/org/slf4j/slf4j-api/2.0.16/slf4j-api-2.0.16.jar:/Users/harshitgarg/.m2/repository/jakarta/xml/bind/jakarta.xml.bind-api/4.0.2/jakarta.xml.bind-api-4.0.2.jar:/Users/harshitgarg/.m2/repository/jakarta/activation/jakarta.activation-api/2.1.3/jakarta.activation-api-2.1.3.jar:/Users/harshitgarg/.m2/repository/net/minidev/json-smart/2.5.1/json-smart-2.5.1.jar:/Users/harshitgarg/.m2/repository/net/minidev/accessors-smart/2.5.1/accessors-smart-2.5.1.jar:/Users/harshitgarg/.m2/repository/org/ow2/asm/asm/9.6/asm-9.6.jar:/Users/harshitgarg/.m2/repository/org/assertj/assertj-core/3.25.3/assertj-core-3.25.3.jar:/Users/harshitgarg/.m2/repository/net/bytebuddy/byte-buddy/1.14.19/byte-buddy-1.14.19.jar:/Users/harshitgarg/.m2/repository/org/awaitility/awaitility/4.2.2/awaitility-4.2.2.jar:/Users/harshitgarg/.m2/repository/org/hamcrest/hamcrest/2.2/hamcrest-2.2.jar:/Users/harshitgarg/.m2/repository/org/junit/jupiter/junit-jupiter/5.10.5/junit-jupiter-5.10.5.jar:/Users/harshitgarg/.m2/repository/org/junit/jupiter/junit-jupiter-api/5.10.5/junit-jupiter-api-5.10.5.jar:/Users/harshitgarg/.m2/repository/org/opentest4j/opentest4j/1.3.0/opentest4j-1.3.0.jar:/Users/harshitgarg/.m2/repository/org/junit/platform/junit-platform-commons/1.10.5/junit-platform-commons-1.10.5.jar:/Users/harshitgarg/.m2/repository/org/apiguardian/apiguardian-api/1.1.2/apiguardian-api-1.1.2.jar:/Users/harshitgarg/.m2/repository/org/junit/jupiter/junit-jupiter-params/5.10.5/junit-jupiter-params-5.10.5.jar:/Users/harshitgarg/.m2/repository/org/junit/jupiter/junit-jupiter-engine/5.10.5/junit-jupiter-engine-5.10.5.jar:/Users/harshitgarg/.m2/repository/org/junit/platform/junit-platform-engine/1.10.5/junit-platform-engine-1.10.5.jar:/Users/harshitgarg/.m2/repository/org/mockito/mockito-core/5.11.0/mockito-core-5.11.0.jar:/Users/harshitgarg/.m2/repository/net/bytebuddy/byte-buddy-agent/1.14.19/byte-buddy-agent-1.14.19.jar:/Users/harshitgarg/.m2/repository/org/objenesis/objenesis/3.3/objenesis-3.3.jar:/Users/harshitgarg/.m2/repository/org/mockito/mockito-junit-jupiter/5.11.0/mockito-junit-jupiter-5.11.0.jar:/Users/harshitgarg/.m2/repository/org/skyscreamer/jsonassert/1.5.3/jsonassert-1.5.3.jar:/Users/harshitgarg/.m2/repository/com/vaadin/external/google/android-json/0.0.20131108.vaadin1/android-json-0.0.20131108.vaadin1.jar:/Users/harshitgarg/.m2/repository/org/springframework/spring-test/6.1.14/spring-test-6.1.14.jar:/Users/harshitgarg/.m2/repository/org/xmlunit/xmlunit-core/2.9.1/xmlunit-core-2.9.1.jar:/Users/harshitgarg/.m2/repository/org/springframework/cloud/spring-cloud-starter-gateway/4.1.4/spring-cloud-starter-gateway-4.1.4.jar:/Users/harshitgarg/.m2/repository/org/springframework/cloud/spring-cloud-starter/4.1.3/spring-cloud-starter-4.1.3.jar:/Users/harshitgarg/.m2/repository/org/springframework/cloud/spring-cloud-context/4.1.3/spring-cloud-context-4.1.3.jar:/Users/harshitgarg/.m2/repository/org/springframework/security/spring-security-crypto/6.3.4/spring-security-crypto-6.3.4.jar:/Users/harshitgarg/.m2/repository/org/springframework/cloud/spring-cloud-commons/4.1.3/spring-cloud-commons-4.1.3.jar:/Users/harshitgarg/.m2/repository/org/springframework/security/spring-security-rsa/1.1.3/spring-security-rsa-1.1.3.jar:/Users/harshitgarg/.m2/repository/org/bouncycastle/bcprov-jdk18on/1.78/bcprov-jdk18on-1.78.jar:/Users/harshitgarg/.m2/repository/org/springframework/cloud/spring-cloud-gateway-server/4.1.4/spring-cloud-gateway-server-4.1.4.jar:/Users/harshitgarg/.m2/repository/org/springframework/boot/spring-boot-starter-validation/3.3.5/spring-boot-starter-validation-3.3.5.jar:/Users/harshitgarg/.m2/repository/org/apache/tomcat/embed/tomcat-embed-el/10.1.31/tomcat-embed-el-10.1.31.jar:/Users/harshitgarg/.m2/repository/org/hibernate/validator/hibernate-validator/8.0.1.Final/hibernate-validator-8.0.1.Final.jar:/Users/harshitgarg/.m2/repository/jakarta/validation/jakarta.validation-api/3.0.2/jakarta.validation-api-3.0.2.jar:/Users/harshitgarg/.m2/repository/org/jboss/logging/jboss-logging/3.5.3.Final/jboss-logging-3.5.3.Final.jar:/Users/harshitgarg/.m2/repository/com/fasterxml/classmate/1.7.0/classmate-1.7.0.jar:/Users/harshitgarg/.m2/repository/io/projectreactor/addons/reactor-extra/3.5.2/reactor-extra-3.5.2.jar:/Users/harshitgarg/.m2/repository/io/projectreactor/reactor-core/3.6.11/reactor-core-3.6.11.jar:/Users/harshitgarg/.m2/repository/org/reactivestreams/reactive-streams/1.0.4/reactive-streams-1.0.4.jar:/Users/harshitgarg/.m2/repository/org/springframework/boot/spring-boot-starter-webflux/3.3.5/spring-boot-starter-webflux-3.3.5.jar:/Users/harshitgarg/.m2/repository/org/springframework/boot/spring-boot-starter-json/3.3.5/spring-boot-starter-json-3.3.5.jar:/Users/harshitgarg/.m2/repository/com/fasterxml/jackson/datatype/jackson-datatype-jdk8/2.17.2/jackson-datatype-jdk8-2.17.2.jar:/Users/harshitgarg/.m2/repository/com/fasterxml/jackson/datatype/jackson-datatype-jsr310/2.17.2/jackson-datatype-jsr310-2.17.2.jar:/Users/harshitgarg/.m2/repository/com/fasterxml/jackson/module/jackson-module-parameter-names/2.17.2/jackson-module-parameter-names-2.17.2.jar:/Users/harshitgarg/.m2/repository/org/springframework/boot/spring-boot-starter-reactor-netty/3.3.5/spring-boot-starter-reactor-netty-3.3.5.jar:/Users/harshitgarg/.m2/repository/io/projectreactor/netty/reactor-netty-http/1.1.23/reactor-netty-http-1.1.23.jar:/Users/harshitgarg/.m2/repository/io/netty/netty-codec-http/4.1.114.Final/netty-codec-http-4.1.114.Final.jar:/Users/harshitgarg/.m2/repository/io/netty/netty-common/4.1.114.Final/netty-common-4.1.114.Final.jar:/Users/harshitgarg/.m2/repository/io/netty/netty-buffer/4.1.114.Final/netty-buffer-4.1.114.Final.jar:/Users/harshitgarg/.m2/repository/io/netty/netty-transport/4.1.114.Final/netty-transport-4.1.114.Final.jar:/Users/harshitgarg/.m2/repository/io/netty/netty-codec/4.1.114.Final/netty-codec-4.1.114.Final.jar:/Users/harshitgarg/.m2/repository/io/netty/netty-handler/4.1.114.Final/netty-handler-4.1.114.Final.jar:/Users/harshitgarg/.m2/repository/io/netty/netty-codec-http2/4.1.114.Final/netty-codec-http2-4.1.114.Final.jar:/Users/harshitgarg/.m2/repository/io/netty/netty-resolver-dns/4.1.114.Final/netty-resolver-dns-4.1.114.Final.jar:/Users/harshitgarg/.m2/repository/io/netty/netty-resolver/4.1.114.Final/netty-resolver-4.1.114.Final.jar:/Users/harshitgarg/.m2/repository/io/netty/netty-codec-dns/4.1.114.Final/netty-codec-dns-4.1.114.Final.jar:/Users/harshitgarg/.m2/repository/io/netty/netty-resolver-dns-native-macos/4.1.114.Final/netty-resolver-dns-native-macos-4.1.114.Final-osx-x86_64.jar:/Users/harshitgarg/.m2/repository/io/netty/netty-resolver-dns-classes-macos/4.1.114.Final/netty-resolver-dns-classes-macos-4.1.114.Final.jar:/Users/harshitgarg/.m2/repository/io/netty/netty-transport-native-epoll/4.1.114.Final/netty-transport-native-epoll-4.1.114.Final-linux-x86_64.jar:/Users/harshitgarg/.m2/repository/io/netty/netty-transport-native-unix-common/4.1.114.Final/netty-transport-native-unix-common-4.1.114.Final.jar:/Users/harshitgarg/.m2/repository/io/netty/netty-transport-classes-epoll/4.1.114.Final/netty-transport-classes-epoll-4.1.114.Final.jar:/Users/harshitgarg/.m2/repository/io/projectreactor/netty/reactor-netty-core/1.1.23/reactor-netty-core-1.1.23.jar:/Users/harshitgarg/.m2/repository/io/netty/netty-handler-proxy/4.1.114.Final/netty-handler-proxy-4.1.114.Final.jar:/Users/harshitgarg/.m2/repository/io/netty/netty-codec-socks/4.1.114.Final/netty-codec-socks-4.1.114.Final.jar:/Users/harshitgarg/.m2/repository/org/springframework/spring-web/6.1.14/spring-web-6.1.14.jar:/Users/harshitgarg/.m2/repository/org/springframework/spring-webflux/6.1.14/spring-webflux-6.1.14.jar:/Users/harshitgarg/.m2/repository/mysql/mysql-connector-java/8.0.29/mysql-connector-java-8.0.29.jar:/Users/harshitgarg/.m2/repository/com/google/protobuf/protobuf-java/3.19.4/protobuf-java-3.19.4.jar:/Users/harshitgarg/.m2/repository/com/auth0/java-jwt/4.4.0/java-jwt-4.4.0.jar:/Users/harshitgarg/.m2/repository/com/fasterxml/jackson/core/jackson-databind/2.17.2/jackson-databind-2.17.2.jar:/Users/harshitgarg/.m2/repository/com/fasterxml/jackson/core/jackson-annotations/2.17.2/jackson-annotations-2.17.2.jar:/Users/harshitgarg/.m2/repository/com/fasterxml/jackson/core/jackson-core/2.17.2/jackson-core-2.17.2.jar:"/>
    <property name="sun.cpu.endian" value="little"/>
    <property name="user.home" value="/Users/harshitgarg"/>
    <property name="user.language" value="en"/>
    <property name="java.specification.vendor" value="Oracle Corporation"/>
    <property name="java.version.date" value="2024-10-15"/>
    <property name="java.home" value="/opt/homebrew/Cellar/openjdk/23.0.1/libexec/openjdk.jdk/Contents/Home"/>
    <property name="file.separator" value="/"/>
    <property name="basedir" value="/Users/harshitgarg/JAVA-projects/authenticator"/>
    <property name="java.vm.compressedOopsMode" value="Zero based"/>
    <property name="line.separator" value="&#10;"/>
    <property name="java.vm.specification.vendor" value="Oracle Corporation"/>
    <property name="java.specification.name" value="Java Platform API Specification"/>
    <property name="FILE_LOG_CHARSET" value="UTF-8"/>
    <property name="java.awt.headless" value="true"/>
    <property name="apple.awt.application.name" value="ForkedBooter"/>
    <property name="surefire.real.class.path" value="/Users/harshitgarg/JAVA-projects/authenticator/target/surefire/surefirebooter-20241123135329503_3.jar"/>
    <property name="sun.management.compiler" value="HotSpot 64-Bit Tiered Compilers"/>
    <property name="ftp.nonProxyHosts" value="local|*.local|169.254/16|*.169.254/16"/>
    <property name="java.runtime.version" value="23.0.1"/>
    <property name="user.name" value="harshitgarg"/>
    <property name="stdout.encoding" value="UTF-8"/>
    <property name="path.separator" value=":"/>
    <property name="os.version" value="14.6.1"/>
    <property name="java.runtime.name" value="OpenJDK Runtime Environment"/>
    <property name="file.encoding" value="UTF-8"/>
    <property name="java.vm.name" value="OpenJDK 64-Bit Server VM"/>
    <property name="java.vendor.version" value="Homebrew"/>
    <property name="localRepository" value="/Users/harshitgarg/.m2/repository"/>
    <property name="java.vendor.url.bug" value="https://github.com/Homebrew/homebrew-core/issues"/>
    <property name="java.io.tmpdir" value="/var/folders/m8/r1l7tm8j6xl1gst1m67lk6480000gn/T/"/>
    <property name="java.version" value="23.0.1"/>
    <property name="user.dir" value="/Users/harshitgarg/JAVA-projects/authenticator"/>
    <property name="os.arch" value="aarch64"/>
    <property name="java.vm.specification.name" value="Java Virtual Machine Specification"/>
    <property name="PID" value="90022"/>
    <property name="CONSOLE_LOG_CHARSET" value="UTF-8"/>
    <property name="native.encoding" value="UTF-8"/>
    <property name="java.library.path" value="/Users/harshitgarg/Library/Java/Extensions:/Library/Java/Extensions:/Network/Library/Java/Extensions:/System/Library/Java/Extensions:/usr/lib/java:."/>
    <property name="java.vm.info" value="mixed mode, sharing"/>
    <property name="stderr.encoding" value="UTF-8"/>
    <property name="java.vendor" value="Homebrew"/>
    <property name="java.vm.version" value="23.0.1"/>
    <property name="sun.io.unicode.encoding" value="UnicodeBig"/>
    <property name="socksNonProxyHosts" value="local|*.local|169.254/16|*.169.254/16"/>
    <property name="java.class.version" value="67.0"/>
    <property name="LOGGED_APPLICATION_NAME" value="[authenticator] "/>
  </properties>
  <testcase name="test_auth_post_endpoint" classname="org.harshit.authenticator.AuthenticatorApplicationTests" time="0.688">
    <system-out><![CDATA[13:53:29.909 [main] INFO org.springframework.test.context.support.AnnotationConfigContextLoaderUtils -- Could not detect default configuration classes for test class [org.harshit.authenticator.AuthenticatorApplicationTests]: AuthenticatorApplicationTests does not declare any static, non-private, non-final, nested classes annotated with @Configuration.
13:53:29.958 [main] INFO org.springframework.boot.test.context.SpringBootTestContextBootstrapper -- Found @SpringBootConfiguration org.harshit.authenticator.AuthenticatorApplication for test class org.harshit.authenticator.AuthenticatorApplicationTests

  .   ____          _            __ _ _
 /\\ / ___'_ __ _ _(_)_ __  __ _ \ \ \ \
( ( )\___ | '_ | '_| | '_ \/ _` | \ \ \ \
 \\/  ___)| |_)| | | | | || (_| |  ) ) ) )
  '  |____| .__|_| |_|_| |_\__, | / / / /
 =========|_|==============|___/=/_/_/_/

 :: Spring Boot ::                (v3.3.5)

2024-11-23T13:53:30.164+05:30  INFO 90022 --- [authenticator] [           main] o.h.a.AuthenticatorApplicationTests      : Starting AuthenticatorApplicationTests using Java 23.0.1 with PID 90022 (started by harshitgarg in /Users/harshitgarg/JAVA-projects/authenticator)
2024-11-23T13:53:30.165+05:30  INFO 90022 --- [authenticator] [           main] o.h.a.AuthenticatorApplicationTests      : No active profile set, falling back to 1 default profile: "default"
2024-11-23T13:53:30.521+05:30  INFO 90022 --- [authenticator] [           main] o.s.cloud.context.scope.GenericScope     : BeanFactory id=fce06eaf-f254-3a0f-b5fd-07fedc500675
2024-11-23T13:53:31.136+05:30  INFO 90022 --- [authenticator] [           main] o.s.c.g.r.RouteDefinitionRouteLocator    : Loaded RoutePredicateFactory [After]
2024-11-23T13:53:31.136+05:30  INFO 90022 --- [authenticator] [           main] o.s.c.g.r.RouteDefinitionRouteLocator    : Loaded RoutePredicateFactory [Before]
2024-11-23T13:53:31.136+05:30  INFO 90022 --- [authenticator] [           main] o.s.c.g.r.RouteDefinitionRouteLocator    : Loaded RoutePredicateFactory [Between]
2024-11-23T13:53:31.137+05:30  INFO 90022 --- [authenticator] [           main] o.s.c.g.r.RouteDefinitionRouteLocator    : Loaded RoutePredicateFactory [Cookie]
2024-11-23T13:53:31.137+05:30  INFO 90022 --- [authenticator] [           main] o.s.c.g.r.RouteDefinitionRouteLocator    : Loaded RoutePredicateFactory [Header]
2024-11-23T13:53:31.137+05:30  INFO 90022 --- [authenticator] [           main] o.s.c.g.r.RouteDefinitionRouteLocator    : Loaded RoutePredicateFactory [Host]
2024-11-23T13:53:31.137+05:30  INFO 90022 --- [authenticator] [           main] o.s.c.g.r.RouteDefinitionRouteLocator    : Loaded RoutePredicateFactory [Method]
2024-11-23T13:53:31.137+05:30  INFO 90022 --- [authenticator] [           main] o.s.c.g.r.RouteDefinitionRouteLocator    : Loaded RoutePredicateFactory [Path]
2024-11-23T13:53:31.137+05:30  INFO 90022 --- [authenticator] [           main] o.s.c.g.r.RouteDefinitionRouteLocator    : Loaded RoutePredicateFactory [Query]
2024-11-23T13:53:31.137+05:30  INFO 90022 --- [authenticator] [           main] o.s.c.g.r.RouteDefinitionRouteLocator    : Loaded RoutePredicateFactory [ReadBody]
2024-11-23T13:53:31.137+05:30  INFO 90022 --- [authenticator] [           main] o.s.c.g.r.RouteDefinitionRouteLocator    : Loaded RoutePredicateFactory [RemoteAddr]
2024-11-23T13:53:31.137+05:30  INFO 90022 --- [authenticator] [           main] o.s.c.g.r.RouteDefinitionRouteLocator    : Loaded RoutePredicateFactory [XForwardedRemoteAddr]
2024-11-23T13:53:31.137+05:30  INFO 90022 --- [authenticator] [           main] o.s.c.g.r.RouteDefinitionRouteLocator    : Loaded RoutePredicateFactory [Weight]
2024-11-23T13:53:31.137+05:30  INFO 90022 --- [authenticator] [           main] o.s.c.g.r.RouteDefinitionRouteLocator    : Loaded RoutePredicateFactory [CloudFoundryRouteService]
2024-11-23T13:53:31.294+05:30  INFO 90022 --- [authenticator] [           main] o.s.b.web.embedded.netty.NettyWebServer  : Netty started on port 50666 (http)
2024-11-23T13:53:31.316+05:30  INFO 90022 --- [authenticator] [           main] o.h.a.AuthenticatorApplicationTests      : Started AuthenticatorApplicationTests in 1.29 seconds (process running for 1.773)
#############################################
Server running at port: 50666
#############################################
2024-11-23T13:53:31.801+05:30 ERROR 90022 --- [authenticator] [           main] i.n.r.d.DnsServerAddressStreamProviders  : Unable to load io.netty.resolver.dns.macos.MacOSDnsServerAddressStreamProvider, fallback to system defaults. This may result in incorrect DNS resolutions on MacOS. Check whether you have a dependency on 'io.netty:netty-resolver-dns-native-macos'. Use DEBUG level to see the full stack: java.lang.UnsatisfiedLinkError: failed to load the required native library
Username : Harshit password: hgarg9460@3
Executed the query
id: 1 username: Harshit password: hgarg9460@3
]]></system-out>
    <system-err><![CDATA[WARNING: A Java agent has been loaded dynamically (/Users/harshitgarg/.m2/repository/net/bytebuddy/byte-buddy-agent/1.14.19/byte-buddy-agent-1.14.19.jar)
WARNING: If a serviceability tool is in use, please run with -XX:+EnableDynamicAgentLoading to hide this warning
WARNING: If a serviceability tool is not in use, please run with -Djdk.instrument.traceUsage for more information
WARNING: Dynamic loading of agents will be disallowed by default in a future release
]]></system-err>
  </testcase>
  <testcase name="test_aut_post_endpoint_2" classname="org.harshit.authenticator.AuthenticatorApplicationTests" time="0.006">
    <system-out><![CDATA[#############################################
Server running at port: 50666
#############################################
Username : harshit password: hgarg9460@3
Executed the query
User doesn't exist
]]></system-out>
  </testcase>
  <testcase name="test_aut_post_endpoint_3" classname="org.harshit.authenticator.AuthenticatorApplicationTests" time="0.007">
    <system-out><![CDATA[#############################################
Server running at port: 50666
#############################################
Username : Harshit password: Hgarg9460@3
Executed the query
id: 1 username: Harshit password: hgarg9460@3
Password is incorrect
]]></system-out>
  </testcase>
</testsuite>