<?xml version="1.0" encoding="UTF-8"?>
<testsuite xmlns:xsi="http://www.w3.org/2001/XMLSchema-instance" xsi:noNamespaceSchemaLocation="https://maven.apache.org/surefire/maven-surefire-plugin/xsd/surefire-test-report.xsd" version="3.0.2" name="org.harshit.messenger.MessengerApplicationTests" time="0.175" tests="3" errors="0" skipped="0" failures="0">
  <properties>
    <property name="java.specification.version" value="23"/>
    <property name="sun.jnu.encoding" value="UTF-8"/>
    <property name="java.class.path" value="/Users/harshitgarg/JAVA-projects/messenger/target/test-classes:/Users/harshitgarg/JAVA-projects/messenger/target/classes:/Users/harshitgarg/.m2/repository/io/grpc/grpc-netty/1.50.3/grpc-netty-1.50.3.jar:/Users/harshitgarg/.m2/repository/io/grpc/grpc-core/1.50.3/grpc-core-1.50.3.jar:/Users/harshitgarg/.m2/repository/com/google/code/gson/gson/2.11.0/gson-2.11.0.jar:/Users/harshitgarg/.m2/repository/com/google/android/annotations/4.1.1.4/annotations-4.1.1.4.jar:/Users/harshitgarg/.m2/repository/org/codehaus/mojo/animal-sniffer-annotations/1.21/animal-sniffer-annotations-1.21.jar:/Users/harshitgarg/.m2/repository/io/netty/netty-codec-http2/4.1.115.Final/netty-codec-http2-4.1.115.Final.jar:/Users/harshitgarg/.m2/repository/io/netty/netty-common/4.1.115.Final/netty-common-4.1.115.Final.jar:/Users/harshitgarg/.m2/repository/io/netty/netty-buffer/4.1.115.Final/netty-buffer-4.1.115.Final.jar:/Users/harshitgarg/.m2/repository/io/netty/netty-transport/4.1.115.Final/netty-transport-4.1.115.Final.jar:/Users/harshitgarg/.m2/repository/io/netty/netty-resolver/4.1.115.Final/netty-resolver-4.1.115.Final.jar:/Users/harshitgarg/.m2/repository/io/netty/netty-codec/4.1.115.Final/netty-codec-4.1.115.Final.jar:/Users/harshitgarg/.m2/repository/io/netty/netty-handler/4.1.115.Final/netty-handler-4.1.115.Final.jar:/Users/harshitgarg/.m2/repository/io/netty/netty-codec-http/4.1.115.Final/netty-codec-http-4.1.115.Final.jar:/Users/harshitgarg/.m2/repository/io/netty/netty-handler-proxy/4.1.115.Final/netty-handler-proxy-4.1.115.Final.jar:/Users/harshitgarg/.m2/repository/io/netty/netty-codec-socks/4.1.115.Final/netty-codec-socks-4.1.115.Final.jar:/Users/harshitgarg/.m2/repository/com/google/guava/guava/33.3.1-jre/guava-33.3.1-jre.jar:/Users/harshitgarg/.m2/repository/com/google/guava/failureaccess/1.0.2/failureaccess-1.0.2.jar:/Users/harshitgarg/.m2/repository/com/google/guava/listenablefuture/9999.0-empty-to-avoid-conflict-with-guava/listenablefuture-9999.0-empty-to-avoid-conflict-with-guava.jar:/Users/harshitgarg/.m2/repository/org/checkerframework/checker-qual/3.43.0/checker-qual-3.43.0.jar:/Users/harshitgarg/.m2/repository/com/google/j2objc/j2objc-annotations/3.0.0/j2objc-annotations-3.0.0.jar:/Users/harshitgarg/.m2/repository/com/google/errorprone/error_prone_annotations/2.14.0/error_prone_annotations-2.14.0.jar:/Users/harshitgarg/.m2/repository/io/perfmark/perfmark-api/0.25.0/perfmark-api-0.25.0.jar:/Users/harshitgarg/.m2/repository/io/netty/netty-transport-native-unix-common/4.1.115.Final/netty-transport-native-unix-common-4.1.115.Final.jar:/Users/harshitgarg/.m2/repository/io/grpc/grpc-protobuf/1.50.3/grpc-protobuf-1.50.3.jar:/Users/harshitgarg/.m2/repository/io/grpc/grpc-api/1.50.3/grpc-api-1.50.3.jar:/Users/harshitgarg/.m2/repository/com/google/code/findbugs/jsr305/3.0.2/jsr305-3.0.2.jar:/Users/harshitgarg/.m2/repository/com/google/protobuf/protobuf-java/3.21.7/protobuf-java-3.21.7.jar:/Users/harshitgarg/.m2/repository/com/google/api/grpc/proto-google-common-protos/2.9.0/proto-google-common-protos-2.9.0.jar:/Users/harshitgarg/.m2/repository/io/grpc/grpc-protobuf-lite/1.50.3/grpc-protobuf-lite-1.50.3.jar:/Users/harshitgarg/.m2/repository/io/grpc/grpc-stub/1.50.3/grpc-stub-1.50.3.jar:/Users/harshitgarg/.m2/repository/io/grpc/grpc-testing/1.50.3/grpc-testing-1.50.3.jar:/Users/harshitgarg/.m2/repository/io/grpc/grpc-context/1.50.3/grpc-context-1.50.3.jar:/Users/harshitgarg/.m2/repository/junit/junit/4.13.2/junit-4.13.2.jar:/Users/harshitgarg/.m2/repository/org/hamcrest/hamcrest-core/2.2/hamcrest-core-2.2.jar:/Users/harshitgarg/.m2/repository/org/hamcrest/hamcrest/2.2/hamcrest-2.2.jar:/Users/harshitgarg/.m2/repository/javax/annotation/javax.annotation-api/1.3.2/javax.annotation-api-1.3.2.jar:"/>
    <property name="java.vm.vendor" value="Homebrew"/>
    <property name="sun.arch.data.model" value="64"/>
    <property name="java.vendor.url" value="https://github.com/Homebrew/homebrew-core/issues"/>
    <property name="os.name" value="Mac OS X"/>
    <property name="java.vm.specification.version" value="23"/>
    <property name="sun.java.launcher" value="SUN_STANDARD"/>
    <property name="user.country" value="IN"/>
    <property name="sun.boot.library.path" value="/opt/homebrew/Cellar/openjdk/23.0.1/libexec/openjdk.jdk/Contents/Home/lib"/>
    <property name="sun.java.command" value="/Users/harshitgarg/JAVA-projects/messenger/target/surefire/surefirebooter-20241201161602914_3.jar /Users/harshitgarg/JAVA-projects/messenger/target/surefire 2024-12-01T16-16-02_862-jvmRun1 surefire-20241201161602914_1tmp surefire_0-20241201161602914_2tmp"/>
    <property name="http.nonProxyHosts" value="local|*.local|169.254/16|*.169.254/16"/>
    <property name="jdk.debug" value="release"/>
    <property name="surefire.test.class.path" value="/Users/harshitgarg/JAVA-projects/messenger/target/test-classes:/Users/harshitgarg/JAVA-projects/messenger/target/classes:/Users/harshitgarg/.m2/repository/io/grpc/grpc-netty/1.50.3/grpc-netty-1.50.3.jar:/Users/harshitgarg/.m2/repository/io/grpc/grpc-core/1.50.3/grpc-core-1.50.3.jar:/Users/harshitgarg/.m2/repository/com/google/code/gson/gson/2.11.0/gson-2.11.0.jar:/Users/harshitgarg/.m2/repository/com/google/android/annotations/4.1.1.4/annotations-4.1.1.4.jar:/Users/harshitgarg/.m2/repository/org/codehaus/mojo/animal-sniffer-annotations/1.21/animal-sniffer-annotations-1.21.jar:/Users/harshitgarg/.m2/repository/io/netty/netty-codec-http2/4.1.115.Final/netty-codec-http2-4.1.115.Final.jar:/Users/harshitgarg/.m2/repository/io/netty/netty-common/4.1.115.Final/netty-common-4.1.115.Final.jar:/Users/harshitgarg/.m2/repository/io/netty/netty-buffer/4.1.115.Final/netty-buffer-4.1.115.Final.jar:/Users/harshitgarg/.m2/repository/io/netty/netty-transport/4.1.115.Final/netty-transport-4.1.115.Final.jar:/Users/harshitgarg/.m2/repository/io/netty/netty-resolver/4.1.115.Final/netty-resolver-4.1.115.Final.jar:/Users/harshitgarg/.m2/repository/io/netty/netty-codec/4.1.115.Final/netty-codec-4.1.115.Final.jar:/Users/harshitgarg/.m2/repository/io/netty/netty-handler/4.1.115.Final/netty-handler-4.1.115.Final.jar:/Users/harshitgarg/.m2/repository/io/netty/netty-codec-http/4.1.115.Final/netty-codec-http-4.1.115.Final.jar:/Users/harshitgarg/.m2/repository/io/netty/netty-handler-proxy/4.1.115.Final/netty-handler-proxy-4.1.115.Final.jar:/Users/harshitgarg/.m2/repository/io/netty/netty-codec-socks/4.1.115.Final/netty-codec-socks-4.1.115.Final.jar:/Users/harshitgarg/.m2/repository/com/google/guava/guava/33.3.1-jre/guava-33.3.1-jre.jar:/Users/harshitgarg/.m2/repository/com/google/guava/failureaccess/1.0.2/failureaccess-1.0.2.jar:/Users/harshitgarg/.m2/repository/com/google/guava/listenablefuture/9999.0-empty-to-avoid-conflict-with-guava/listenablefuture-9999.0-empty-to-avoid-conflict-with-guava.jar:/Users/harshitgarg/.m2/repository/org/checkerframework/checker-qual/3.43.0/checker-qual-3.43.0.jar:/Users/harshitgarg/.m2/repository/com/google/j2objc/j2objc-annotations/3.0.0/j2objc-annotations-3.0.0.jar:/Users/harshitgarg/.m2/repository/com/google/errorprone/error_prone_annotations/2.14.0/error_prone_annotations-2.14.0.jar:/Users/harshitgarg/.m2/repository/io/perfmark/perfmark-api/0.25.0/perfmark-api-0.25.0.jar:/Users/harshitgarg/.m2/repository/io/netty/netty-transport-native-unix-common/4.1.115.Final/netty-transport-native-unix-common-4.1.115.Final.jar:/Users/harshitgarg/.m2/repository/io/grpc/grpc-protobuf/1.50.3/grpc-protobuf-1.50.3.jar:/Users/harshitgarg/.m2/repository/io/grpc/grpc-api/1.50.3/grpc-api-1.50.3.jar:/Users/harshitgarg/.m2/repository/com/google/code/findbugs/jsr305/3.0.2/jsr305-3.0.2.jar:/Users/harshitgarg/.m2/repository/com/google/protobuf/protobuf-java/3.21.7/protobuf-java-3.21.7.jar:/Users/harshitgarg/.m2/repository/com/google/api/grpc/proto-google-common-protos/2.9.0/proto-google-common-protos-2.9.0.jar:/Users/harshitgarg/.m2/repository/io/grpc/grpc-protobuf-lite/1.50.3/grpc-protobuf-lite-1.50.3.jar:/Users/harshitgarg/.m2/repository/io/grpc/grpc-stub/1.50.3/grpc-stub-1.50.3.jar:/Users/harshitgarg/.m2/repository/io/grpc/grpc-testing/1.50.3/grpc-testing-1.50.3.jar:/Users/harshitgarg/.m2/repository/io/grpc/grpc-context/1.50.3/grpc-context-1.50.3.jar:/Users/harshitgarg/.m2/repository/junit/junit/4.13.2/junit-4.13.2.jar:/Users/harshitgarg/.m2/repository/org/hamcrest/hamcrest-core/2.2/hamcrest-core-2.2.jar:/Users/harshitgarg/.m2/repository/org/hamcrest/hamcrest/2.2/hamcrest-2.2.jar:/Users/harshitgarg/.m2/repository/javax/annotation/javax.annotation-api/1.3.2/javax.annotation-api-1.3.2.jar:"/>
    <property name="sun.cpu.endian" value="little"/>
    <property name="user.home" value="/Users/harshitgarg"/>
    <property name="user.language" value="en"/>
    <property name="java.specification.vendor" value="Oracle Corporation"/>
    <property name="java.version.date" value="2024-10-15"/>
    <property name="java.home" value="/opt/homebrew/Cellar/openjdk/23.0.1/libexec/openjdk.jdk/Contents/Home"/>
    <property name="file.separator" value="/"/>
    <property name="basedir" value="/Users/harshitgarg/JAVA-projects/messenger"/>
    <property name="java.vm.compressedOopsMode" value="Zero based"/>
    <property name="line.separator" value="&#10;"/>
    <property name="java.vm.specification.vendor" value="Oracle Corporation"/>
    <property name="java.specification.name" value="Java Platform API Specification"/>
    <property name="apple.awt.application.name" value="ForkedBooter"/>
    <property name="surefire.real.class.path" value="/Users/harshitgarg/JAVA-projects/messenger/target/surefire/surefirebooter-20241201161602914_3.jar"/>
    <property name="sun.management.compiler" value="HotSpot 64-Bit Tiered Compilers"/>
    <property name="ftp.nonProxyHosts" value="local|*.local|169.254/16|*.169.254/16"/>
    <property name="java.runtime.version" value="23.0.1"/>
    <property name="user.name" value="harshitgarg"/>
    <property name="stdout.encoding" value="UTF-8"/>
    <property name="path.separator" value=":"/>
    <property name="os.version" value="14.6.1"/>
    <property name="java.runtime.name" value="OpenJDK Runtime Environment"/>
    <property name="file.encoding" value="UTF-8"/>
    <property name="java.vm.name" value="OpenJDK 64-Bit Server VM"/>
    <property name="java.vendor.version" value="Homebrew"/>
    <property name="localRepository" value="/Users/harshitgarg/.m2/repository"/>
    <property name="java.vendor.url.bug" value="https://github.com/Homebrew/homebrew-core/issues"/>
    <property name="java.io.tmpdir" value="/var/folders/m8/r1l7tm8j6xl1gst1m67lk6480000gn/T/"/>
    <property name="java.version" value="23.0.1"/>
    <property name="user.dir" value="/Users/harshitgarg/JAVA-projects/messenger"/>
    <property name="os.arch" value="aarch64"/>
    <property name="java.vm.specification.name" value="Java Virtual Machine Specification"/>
    <property name="native.encoding" value="UTF-8"/>
    <property name="java.library.path" value="/Users/harshitgarg/Library/Java/Extensions:/Library/Java/Extensions:/Network/Library/Java/Extensions:/System/Library/Java/Extensions:/usr/lib/java:."/>
    <property name="java.vm.info" value="mixed mode, sharing"/>
    <property name="stderr.encoding" value="UTF-8"/>
    <property name="java.vendor" value="Homebrew"/>
    <property name="java.vm.version" value="23.0.1"/>
    <property name="sun.io.unicode.encoding" value="UnicodeBig"/>
    <property name="socksNonProxyHosts" value="local|*.local|169.254/16|*.169.254/16"/>
    <property name="java.class.version" value="67.0"/>
  </properties>
  <testcase name="testMultipleClients" classname="org.harshit.messenger.MessengerApplicationTests" time="0.126">
    <system-err><![CDATA[Dec 01, 2024 4:16:03 PM org.harshit.messenger.MessengerApplicationTests testMultipleClients
WARNING: Testing Multiple clients
Dec 01, 2024 4:16:03 PM org.harshit.messenger.Services.MessagingService$1 onNext
INFO: Sent a message, Hello, from user: Harshit to user: Tanvi at time: 2020
Dec 01, 2024 4:16:03 PM org.harshit.messenger.Services.MessagingService$1 onNext
INFO: Sent a message, Hello, from user: Devang to user: Rishika at time: 2020
Dec 01, 2024 4:16:03 PM org.harshit.messenger.Services.MessagingService$1 onNext
INFO: Sent a message, Hello, from user: Harshit to user: Jhanvi at time: 2020
Dec 01, 2024 4:16:03 PM org.harshit.messenger.Services.MessagingService$1 onNext
INFO: Sent a message, Hello, from user: Devang to user: Tushar at time: 2020
]]></system-err>
  </testcase>
  <testcase name="testStreamMessage" classname="org.harshit.messenger.MessengerApplicationTests" time="0.003">
    <system-err><![CDATA[Dec 01, 2024 4:16:03 PM org.harshit.messenger.MessengerApplicationTests testStreamMessage
INFO: Testing Stream Message service
Dec 01, 2024 4:16:03 PM org.harshit.messenger.Services.MessagingService$1 onNext
INFO: Sent a message, Hello, from user: Harshit to user: Tanvi at time: 2020
Dec 01, 2024 4:16:03 PM org.harshit.messenger.Services.MessagingService$1 onNext
INFO: Sent a message, Hello, from user: Harshit to user: Rishika at time: 2020
Dec 01, 2024 4:16:03 PM org.harshit.messenger.Services.MessagingService$1 onNext
INFO: Sent a message, Hello, from user: Harshit to user: Jhanvi at time: 2020
Dec 01, 2024 4:16:03 PM org.harshit.messenger.Services.MessagingService$1 onNext
INFO: Sent a message, Hello, from user: Harshit to user: Tushar at time: 2020
Dec 01, 2024 4:16:03 PM org.harshit.messenger.MessengerApplicationTests$1 onNext
INFO: Response status: true
Dec 01, 2024 4:16:03 PM org.harshit.messenger.MessengerApplicationTests$1 onCompleted
INFO: Server has read all the messages
]]></system-err>
  </testcase>
  <testcase name="testBiDiStream" classname="org.harshit.messenger.MessengerApplicationTests" time="0.007">
    <system-err><![CDATA[Dec 01, 2024 4:16:03 PM org.harshit.messenger.Services.MessagingService$2 onNext
INFO: Sent a message, Hello from harshit, from user: Harshit to user: Tanvi at time: 0
Dec 01, 2024 4:16:03 PM org.harshit.messenger.Services.MessagingService$2 onNext
INFO: Tanvi is not online
Dec 01, 2024 4:16:03 PM org.harshit.messenger.Services.MessagingService$2 onNext
INFO: Sent a message, Hello from harshit, from user: Harshit to user: Tanvi at time: 0
Dec 01, 2024 4:16:03 PM org.harshit.messenger.Services.MessagingService$2 onNext
INFO: Tanvi is not online
Dec 01, 2024 4:16:03 PM org.harshit.messenger.Services.MessagingService$2 onNext
INFO: Sent a message, Hello from harshit, from user: Harshit to user: Rishika at time: 0
Dec 01, 2024 4:16:03 PM org.harshit.messenger.Services.MessagingService$2 onNext
INFO: Rishika is not online
Dec 01, 2024 4:16:03 PM org.harshit.messenger.Services.MessagingService$2 onNext
INFO: Sent a message, Hello from Tanvi, from user: Tanvi to user: Harshit at time: 0
Dec 01, 2024 4:16:03 PM org.harshit.messenger.MessengerApplicationTests$4 onNext
INFO: [Harshit] Response from Tanvi: Hello from Tanvi
Dec 01, 2024 4:16:03 PM org.harshit.messenger.Services.MessagingService$2 onNext
INFO: Sent a message, What uppp, from user: Harshit to user: Tanvi at time: 0
Dec 01, 2024 4:16:03 PM org.harshit.messenger.MessengerApplicationTests$5 onNext
INFO: [Tanvi] Response from Harshit: What uppp
Dec 01, 2024 4:16:03 PM org.harshit.messenger.Services.MessagingService$2 onNext
INFO: Sent a message, Testing testing testing, from user: Tanvi to user: Harshit at time: 0
Dec 01, 2024 4:16:03 PM org.harshit.messenger.MessengerApplicationTests$4 onNext
INFO: [Harshit] Response from Tanvi: Testing testing testing
Dec 01, 2024 4:16:03 PM org.harshit.messenger.Services.MessagingService$2 onNext
INFO: Sent a message, Hello from harshit, from user: Harshit to user: Harshit at time: 0
Dec 01, 2024 4:16:03 PM org.harshit.messenger.Services.MessagingService$2 onNext
INFO: Removing user: Harshit
Dec 01, 2024 4:16:03 PM org.harshit.messenger.Services.MessagingService$2 onNext
INFO: Sent a message, Hello from harshit, from user: Tanvi to user: Tanvi at time: 0
Dec 01, 2024 4:16:03 PM org.harshit.messenger.Services.MessagingService$2 onNext
INFO: Removing user: Tanvi
Dec 01, 2024 4:16:03 PM org.harshit.messenger.Services.MessagingService$2 onCompleted
INFO: On complete called
Dec 01, 2024 4:16:03 PM org.harshit.messenger.Services.MessagingService$2 onCompleted
INFO: On complete called
]]></system-err>
  </testcase>
</testsuite>