<?xml version="1.0" encoding="UTF-8"?>
<testsuite xmlns:xsi="http://www.w3.org/2001/XMLSchema-instance" xsi:noNamespaceSchemaLocation="https://maven.apache.org/surefire/maven-surefire-plugin/xsd/surefire-test-report-3.0.xsd" version="3.0" name="org.harshit.apigateway.ApigatewayApplicationTests" time="2.449" tests="8" errors="0" skipped="0" failures="0">
  <properties>
    <property name="java.specification.version" value="23"/>
    <property name="sun.jnu.encoding" value="UTF-8"/>
    <property name="java.class.path" value="/Users/harshitgarg/JAVA-projects/apigateway/target/test-classes:/Users/harshitgarg/JAVA-projects/apigateway/target/classes:/Users/harshitgarg/.m2/repository/org/springframework/cloud/spring-cloud-starter-gateway/4.1.5/spring-cloud-starter-gateway-4.1.5.jar:/Users/harshitgarg/.m2/repository/org/springframework/cloud/spring-cloud-starter/4.1.4/spring-cloud-starter-4.1.4.jar:/Users/harshitgarg/.m2/repository/org/springframework/cloud/spring-cloud-context/4.1.4/spring-cloud-context-4.1.4.jar:/Users/harshitgarg/.m2/repository/org/springframework/security/spring-security-crypto/6.3.4/spring-security-crypto-6.3.4.jar:/Users/harshitgarg/.m2/repository/org/springframework/cloud/spring-cloud-commons/4.1.4/spring-cloud-commons-4.1.4.jar:/Users/harshitgarg/.m2/repository/org/springframework/security/spring-security-rsa/1.1.3/spring-security-rsa-1.1.3.jar:/Users/harshitgarg/.m2/repository/org/bouncycastle/bcprov-jdk18on/1.78/bcprov-jdk18on-1.78.jar:/Users/harshitgarg/.m2/repository/org/springframework/cloud/spring-cloud-gateway-server/4.1.5/spring-cloud-gateway-server-4.1.5.jar:/Users/harshitgarg/.m2/repository/org/springframework/boot/spring-boot-starter-validation/3.3.5/spring-boot-starter-validation-3.3.5.jar:/Users/harshitgarg/.m2/repository/org/apache/tomcat/embed/tomcat-embed-el/10.1.31/tomcat-embed-el-10.1.31.jar:/Users/harshitgarg/.m2/repository/org/hibernate/validator/hibernate-validator/8.0.1.Final/hibernate-validator-8.0.1.Final.jar:/Users/harshitgarg/.m2/repository/jakarta/validation/jakarta.validation-api/3.0.2/jakarta.validation-api-3.0.2.jar:/Users/harshitgarg/.m2/repository/org/jboss/logging/jboss-logging/3.5.3.Final/jboss-logging-3.5.3.Final.jar:/Users/harshitgarg/.m2/repository/com/fasterxml/classmate/1.7.0/classmate-1.7.0.jar:/Users/harshitgarg/.m2/repository/io/projectreactor/addons/reactor-extra/3.5.2/reactor-extra-3.5.2.jar:/Users/harshitgarg/.m2/repository/org/springframework/boot/spring-boot-starter-webflux/3.3.5/spring-boot-starter-webflux-3.3.5.jar:/Users/harshitgarg/.m2/repository/org/springframework/boot/spring-boot-starter-json/3.3.5/spring-boot-starter-json-3.3.5.jar:/Users/harshitgarg/.m2/repository/com/fasterxml/jackson/datatype/jackson-datatype-jdk8/2.17.2/jackson-datatype-jdk8-2.17.2.jar:/Users/harshitgarg/.m2/repository/com/fasterxml/jackson/datatype/jackson-datatype-jsr310/2.17.2/jackson-datatype-jsr310-2.17.2.jar:/Users/harshitgarg/.m2/repository/com/fasterxml/jackson/module/jackson-module-parameter-names/2.17.2/jackson-module-parameter-names-2.17.2.jar:/Users/harshitgarg/.m2/repository/org/springframework/boot/spring-boot-starter-reactor-netty/3.3.5/spring-boot-starter-reactor-netty-3.3.5.jar:/Users/harshitgarg/.m2/repository/io/projectreactor/netty/reactor-netty-http/1.1.23/reactor-netty-http-1.1.23.jar:/Users/harshitgarg/.m2/repository/io/netty/netty-codec-http/4.1.114.Final/netty-codec-http-4.1.114.Final.jar:/Users/harshitgarg/.m2/repository/io/netty/netty-codec-http2/4.1.114.Final/netty-codec-http2-4.1.114.Final.jar:/Users/harshitgarg/.m2/repository/io/netty/netty-resolver-dns-native-macos/4.1.114.Final/netty-resolver-dns-native-macos-4.1.114.Final-osx-x86_64.jar:/Users/harshitgarg/.m2/repository/io/netty/netty-transport-native-epoll/4.1.114.Final/netty-transport-native-epoll-4.1.114.Final-linux-x86_64.jar:/Users/harshitgarg/.m2/repository/io/netty/netty-transport-classes-epoll/4.1.114.Final/netty-transport-classes-epoll-4.1.114.Final.jar:/Users/harshitgarg/.m2/repository/io/projectreactor/netty/reactor-netty-core/1.1.23/reactor-netty-core-1.1.23.jar:/Users/harshitgarg/.m2/repository/io/netty/netty-handler-proxy/4.1.114.Final/netty-handler-proxy-4.1.114.Final.jar:/Users/harshitgarg/.m2/repository/io/netty/netty-codec-socks/4.1.114.Final/netty-codec-socks-4.1.114.Final.jar:/Users/harshitgarg/.m2/repository/org/springframework/spring-web/6.1.14/spring-web-6.1.14.jar:/Users/harshitgarg/.m2/repository/org/springframework/spring-beans/6.1.14/spring-beans-6.1.14.jar:/Users/harshitgarg/.m2/repository/org/springframework/spring-webflux/6.1.14/spring-webflux-6.1.14.jar:/Users/harshitgarg/.m2/repository/org/springframework/cloud/spring-cloud-starter-circuitbreaker-reactor-resilience4j/3.1.2/spring-cloud-starter-circuitbreaker-reactor-resilience4j-3.1.2.jar:/Users/harshitgarg/.m2/repository/org/springframework/cloud/spring-cloud-circuitbreaker-resilience4j/3.1.2/spring-cloud-circuitbreaker-resilience4j-3.1.2.jar:/Users/harshitgarg/.m2/repository/io/micrometer/micrometer-observation/1.13.6/micrometer-observation-1.13.6.jar:/Users/harshitgarg/.m2/repository/io/micrometer/micrometer-commons/1.13.6/micrometer-commons-1.13.6.jar:/Users/harshitgarg/.m2/repository/io/github/resilience4j/resilience4j-spring-boot3/2.1.0/resilience4j-spring-boot3-2.1.0.jar:/Users/harshitgarg/.m2/repository/io/github/resilience4j/resilience4j-spring6/2.1.0/resilience4j-spring6-2.1.0.jar:/Users/harshitgarg/.m2/repository/io/github/resilience4j/resilience4j-annotations/2.1.0/resilience4j-annotations-2.1.0.jar:/Users/harshitgarg/.m2/repository/io/github/resilience4j/resilience4j-consumer/2.1.0/resilience4j-consumer-2.1.0.jar:/Users/harshitgarg/.m2/repository/io/github/resilience4j/resilience4j-circularbuffer/2.1.0/resilience4j-circularbuffer-2.1.0.jar:/Users/harshitgarg/.m2/repository/io/github/resilience4j/resilience4j-framework-common/2.1.0/resilience4j-framework-common-2.1.0.jar:/Users/harshitgarg/.m2/repository/io/github/resilience4j/resilience4j-micrometer/2.1.0/resilience4j-micrometer-2.1.0.jar:/Users/harshitgarg/.m2/repository/io/micrometer/micrometer-core/1.13.6/micrometer-core-1.13.6.jar:/Users/harshitgarg/.m2/repository/org/hdrhistogram/HdrHistogram/2.2.2/HdrHistogram-2.2.2.jar:/Users/harshitgarg/.m2/repository/org/latencyutils/LatencyUtils/2.0.3/LatencyUtils-2.0.3.jar:/Users/harshitgarg/.m2/repository/org/springframework/boot/spring-boot-configuration-processor/3.3.5/spring-boot-configuration-processor-3.3.5.jar:/Users/harshitgarg/.m2/repository/io/github/resilience4j/resilience4j-circuitbreaker/2.1.0/resilience4j-circuitbreaker-2.1.0.jar:/Users/harshitgarg/.m2/repository/io/github/resilience4j/resilience4j-core/2.1.0/resilience4j-core-2.1.0.jar:/Users/harshitgarg/.m2/repository/org/slf4j/slf4j-api/2.0.16/slf4j-api-2.0.16.jar:/Users/harshitgarg/.m2/repository/io/github/resilience4j/resilience4j-timelimiter/2.1.0/resilience4j-timelimiter-2.1.0.jar:/Users/harshitgarg/.m2/repository/io/github/resilience4j/resilience4j-reactor/2.1.0/resilience4j-reactor-2.1.0.jar:/Users/harshitgarg/.m2/repository/io/github/resilience4j/resilience4j-ratelimiter/2.1.0/resilience4j-ratelimiter-2.1.0.jar:/Users/harshitgarg/.m2/repository/io/github/resilience4j/resilience4j-bulkhead/2.1.0/resilience4j-bulkhead-2.1.0.jar:/Users/harshitgarg/.m2/repository/io/github/resilience4j/resilience4j-retry/2.1.0/resilience4j-retry-2.1.0.jar:/Users/harshitgarg/.m2/repository/org/springframework/boot/spring-boot-starter-test/3.3.5/spring-boot-starter-test-3.3.5.jar:/Users/harshitgarg/.m2/repository/org/springframework/boot/spring-boot-starter/3.3.5/spring-boot-starter-3.3.5.jar:/Users/harshitgarg/.m2/repository/org/springframework/boot/spring-boot/3.3.5/spring-boot-3.3.5.jar:/Users/harshitgarg/.m2/repository/org/springframework/spring-context/6.1.14/spring-context-6.1.14.jar:/Users/harshitgarg/.m2/repository/org/springframework/spring-aop/6.1.14/spring-aop-6.1.14.jar:/Users/harshitgarg/.m2/repository/org/springframework/spring-expression/6.1.14/spring-expression-6.1.14.jar:/Users/harshitgarg/.m2/repository/org/springframework/boot/spring-boot-autoconfigure/3.3.5/spring-boot-autoconfigure-3.3.5.jar:/Users/harshitgarg/.m2/repository/org/springframework/boot/spring-boot-starter-logging/3.3.5/spring-boot-starter-logging-3.3.5.jar:/Users/harshitgarg/.m2/repository/ch/qos/logback/logback-classic/1.5.11/logback-classic-1.5.11.jar:/Users/harshitgarg/.m2/repository/ch/qos/logback/logback-core/1.5.11/logback-core-1.5.11.jar:/Users/harshitgarg/.m2/repository/org/apache/logging/log4j/log4j-to-slf4j/2.23.1/log4j-to-slf4j-2.23.1.jar:/Users/harshitgarg/.m2/repository/org/apache/logging/log4j/log4j-api/2.23.1/log4j-api-2.23.1.jar:/Users/harshitgarg/.m2/repository/org/slf4j/jul-to-slf4j/2.0.16/jul-to-slf4j-2.0.16.jar:/Users/harshitgarg/.m2/repository/jakarta/annotation/jakarta.annotation-api/2.1.1/jakarta.annotation-api-2.1.1.jar:/Users/harshitgarg/.m2/repository/org/yaml/snakeyaml/2.2/snakeyaml-2.2.jar:/Users/harshitgarg/.m2/repository/org/springframework/boot/spring-boot-test/3.3.5/spring-boot-test-3.3.5.jar:/Users/harshitgarg/.m2/repository/org/springframework/boot/spring-boot-test-autoconfigure/3.3.5/spring-boot-test-autoconfigure-3.3.5.jar:/Users/harshitgarg/.m2/repository/com/jayway/jsonpath/json-path/2.9.0/json-path-2.9.0.jar:/Users/harshitgarg/.m2/repository/jakarta/xml/bind/jakarta.xml.bind-api/4.0.2/jakarta.xml.bind-api-4.0.2.jar:/Users/harshitgarg/.m2/repository/jakarta/activation/jakarta.activation-api/2.1.3/jakarta.activation-api-2.1.3.jar:/Users/harshitgarg/.m2/repository/net/minidev/json-smart/2.5.1/json-smart-2.5.1.jar:/Users/harshitgarg/.m2/repository/net/minidev/accessors-smart/2.5.1/accessors-smart-2.5.1.jar:/Users/harshitgarg/.m2/repository/org/ow2/asm/asm/9.6/asm-9.6.jar:/Users/harshitgarg/.m2/repository/org/assertj/assertj-core/3.25.3/assertj-core-3.25.3.jar:/Users/harshitgarg/.m2/repository/net/bytebuddy/byte-buddy/1.14.19/byte-buddy-1.14.19.jar:/Users/harshitgarg/.m2/repository/org/awaitility/awaitility/4.2.2/awaitility-4.2.2.jar:/Users/harshitgarg/.m2/repository/org/hamcrest/hamcrest/2.2/hamcrest-2.2.jar:/Users/harshitgarg/.m2/repository/org/junit/jupiter/junit-jupiter/5.10.5/junit-jupiter-5.10.5.jar:/Users/harshitgarg/.m2/repository/org/junit/jupiter/junit-jupiter-api/5.10.5/junit-jupiter-api-5.10.5.jar:/Users/harshitgarg/.m2/repository/org/opentest4j/opentest4j/1.3.0/opentest4j-1.3.0.jar:/Users/harshitgarg/.m2/repository/org/junit/platform/junit-platform-commons/1.10.5/junit-platform-commons-1.10.5.jar:/Users/harshitgarg/.m2/repository/org/apiguardian/apiguardian-api/1.1.2/apiguardian-api-1.1.2.jar:/Users/harshitgarg/.m2/repository/org/junit/jupiter/junit-jupiter-params/5.10.5/junit-jupiter-params-5.10.5.jar:/Users/harshitgarg/.m2/repository/org/junit/jupiter/junit-jupiter-engine/5.10.5/junit-jupiter-engine-5.10.5.jar:/Users/harshitgarg/.m2/repository/org/junit/platform/junit-platform-engine/1.10.5/junit-platform-engine-1.10.5.jar:/Users/harshitgarg/.m2/repository/org/mockito/mockito-core/5.11.0/mockito-core-5.11.0.jar:/Users/harshitgarg/.m2/repository/net/bytebuddy/byte-buddy-agent/1.14.19/byte-buddy-agent-1.14.19.jar:/Users/harshitgarg/.m2/repository/org/objenesis/objenesis/3.3/objenesis-3.3.jar:/Users/harshitgarg/.m2/repository/org/mockito/mockito-junit-jupiter/5.11.0/mockito-junit-jupiter-5.11.0.jar:/Users/harshitgarg/.m2/repository/org/skyscreamer/jsonassert/1.5.3/jsonassert-1.5.3.jar:/Users/harshitgarg/.m2/repository/com/vaadin/external/google/android-json/0.0.20131108.vaadin1/android-json-0.0.20131108.vaadin1.jar:/Users/harshitgarg/.m2/repository/org/springframework/spring-core/6.1.14/spring-core-6.1.14.jar:/Users/harshitgarg/.m2/repository/org/springframework/spring-jcl/6.1.14/spring-jcl-6.1.14.jar:/Users/harshitgarg/.m2/repository/org/springframework/spring-test/6.1.14/spring-test-6.1.14.jar:/Users/harshitgarg/.m2/repository/org/xmlunit/xmlunit-core/2.9.1/xmlunit-core-2.9.1.jar:/Users/harshitgarg/.m2/repository/io/projectreactor/reactor-test/3.6.11/reactor-test-3.6.11.jar:/Users/harshitgarg/.m2/repository/io/projectreactor/reactor-core/3.6.11/reactor-core-3.6.11.jar:/Users/harshitgarg/.m2/repository/org/reactivestreams/reactive-streams/1.0.4/reactive-streams-1.0.4.jar:/Users/harshitgarg/.m2/repository/org/springframework/cloud/spring-cloud-starter-contract-stub-runner/4.1.4/spring-cloud-starter-contract-stub-runner-4.1.4.jar:/Users/harshitgarg/.m2/repository/org/springframework/cloud/spring-cloud-contract-stub-runner/4.1.4/spring-cloud-contract-stub-runner-4.1.4.jar:/Users/harshitgarg/.m2/repository/org/springframework/cloud/spring-cloud-contract-verifier/4.1.4/spring-cloud-contract-verifier-4.1.4.jar:/Users/harshitgarg/.m2/repository/org/apache/commons/commons-text/1.11.0/commons-text-1.11.0.jar:/Users/harshitgarg/.m2/repository/org/apache/commons/commons-lang3/3.14.0/commons-lang3-3.14.0.jar:/Users/harshitgarg/.m2/repository/javax/inject/javax.inject/1/javax.inject-1.jar:/Users/harshitgarg/.m2/repository/com/toomuchcoding/jsonassert/jsonassert/0.8.0/jsonassert-0.8.0.jar:/Users/harshitgarg/.m2/repository/com/rackspace/eclipse/webtools/sourceediting/org.eclipse.wst.xml.xpath2.processor/2.1.100/org.eclipse.wst.xml.xpath2.processor-2.1.100.jar:/Users/harshitgarg/.m2/repository/edu/princeton/cup/java-cup/10k/java-cup-10k.jar:/Users/harshitgarg/.m2/repository/com/ibm/icu/icu4j/4.6/icu4j-4.6.jar:/Users/harshitgarg/.m2/repository/org/apache/groovy/groovy/4.0.23/groovy-4.0.23.jar:/Users/harshitgarg/.m2/repository/org/apache/groovy/groovy-nio/4.0.23/groovy-nio-4.0.23.jar:/Users/harshitgarg/.m2/repository/org/apache/groovy/groovy-json/4.0.23/groovy-json-4.0.23.jar:/Users/harshitgarg/.m2/repository/org/apache/groovy/groovy-xml/4.0.23/groovy-xml-4.0.23.jar:/Users/harshitgarg/.m2/repository/com/github/jknack/handlebars/4.3.1/handlebars-4.3.1.jar:/Users/harshitgarg/.m2/repository/commons-beanutils/commons-beanutils/1.9.4/commons-beanutils-1.9.4.jar:/Users/harshitgarg/.m2/repository/commons-logging/commons-logging/1.2/commons-logging-1.2.jar:/Users/harshitgarg/.m2/repository/commons-collections/commons-collections/3.2.2/commons-collections-3.2.2.jar:/Users/harshitgarg/.m2/repository/com/fasterxml/jackson/dataformat/jackson-dataformat-yaml/2.17.2/jackson-dataformat-yaml-2.17.2.jar:/Users/harshitgarg/.m2/repository/net/javacrumbs/json-unit/json-unit-assertj/2.38.0/json-unit-assertj-2.38.0.jar:/Users/harshitgarg/.m2/repository/net/javacrumbs/json-unit/json-unit-core/2.38.0/json-unit-core-2.38.0.jar:/Users/harshitgarg/.m2/repository/org/hamcrest/hamcrest-core/2.2/hamcrest-core-2.2.jar:/Users/harshitgarg/.m2/repository/net/javacrumbs/json-unit/json-unit-json-path/2.38.0/json-unit-json-path-2.38.0.jar:/Users/harshitgarg/.m2/repository/org/springframework/cloud/spring-cloud-contract-shade/4.1.4/spring-cloud-contract-shade-4.1.4.jar:/Users/harshitgarg/.m2/repository/org/springframework/cloud/spring-cloud-contract-converters/4.1.4/spring-cloud-contract-converters-4.1.4.jar:/Users/harshitgarg/.m2/repository/org/springframework/cloud/spring-cloud-contract-spec/4.1.4/spring-cloud-contract-spec-4.1.4.jar:/Users/harshitgarg/.m2/repository/org/springframework/cloud/spring-cloud-contract-spec-java/4.1.4/spring-cloud-contract-spec-java-4.1.4.jar:/Users/harshitgarg/.m2/repository/dk/brics/automaton/1.12-4/automaton-1.12-4.jar:/Users/harshitgarg/.m2/repository/org/springframework/cloud/spring-cloud-contract-spec-groovy/4.1.4/spring-cloud-contract-spec-groovy-4.1.4.jar:/Users/harshitgarg/.m2/repository/org/eclipse/jgit/org.eclipse.jgit/6.6.1.202309021850-r/org.eclipse.jgit-6.6.1.202309021850-r.jar:/Users/harshitgarg/.m2/repository/com/googlecode/javaewah/JavaEWAH/1.2.3/JavaEWAH-1.2.3.jar:/Users/harshitgarg/.m2/repository/org/eclipse/jgit/org.eclipse.jgit.ssh.jsch/6.7.0.202309050840-r/org.eclipse.jgit.ssh.jsch-6.7.0.202309050840-r.jar:/Users/harshitgarg/.m2/repository/com/jcraft/jsch/0.1.55/jsch-0.1.55.jar:/Users/harshitgarg/.m2/repository/com/jcraft/jzlib/1.1.3/jzlib-1.1.3.jar:/Users/harshitgarg/.m2/repository/com/jcraft/jsch.agentproxy.sshagent/0.0.9/jsch.agentproxy.sshagent-0.0.9.jar:/Users/harshitgarg/.m2/repository/com/jcraft/jsch.agentproxy.core/0.0.9/jsch.agentproxy.core-0.0.9.jar:/Users/harshitgarg/.m2/repository/com/jcraft/jsch.agentproxy.jsch/0.0.9/jsch.agentproxy.jsch-0.0.9.jar:/Users/harshitgarg/.m2/repository/com/jcraft/jsch.agentproxy.usocket-jna/0.0.9/jsch.agentproxy.usocket-jna-0.0.9.jar:/Users/harshitgarg/.m2/repository/net/java/dev/jna/jna/4.1.0/jna-4.1.0.jar:/Users/harshitgarg/.m2/repository/net/java/dev/jna/jna-platform/4.1.0/jna-platform-4.1.0.jar:/Users/harshitgarg/.m2/repository/org/springframework/cloud/spring-cloud-contract-wiremock/4.1.4/spring-cloud-contract-wiremock-4.1.4.jar:/Users/harshitgarg/.m2/repository/com/github/tomakehurst/wiremock-jre8-standalone/2.35.1/wiremock-jre8-standalone-2.35.1.jar:/Users/harshitgarg/.m2/repository/org/apache/httpcomponents/client5/httpclient5/5.3.1/httpclient5-5.3.1.jar:/Users/harshitgarg/.m2/repository/org/apache/httpcomponents/core5/httpcore5/5.2.5/httpcore5-5.2.5.jar:/Users/harshitgarg/.m2/repository/org/apache/httpcomponents/core5/httpcore5-h2/5.2.5/httpcore5-h2-5.2.5.jar:/Users/harshitgarg/.m2/repository/org/springframework/cloud/spring-cloud-test-support/4.1.4/spring-cloud-test-support-4.1.4.jar:/Users/harshitgarg/.m2/repository/org/apache/maven/resolver/maven-resolver-connector-basic/1.9.16/maven-resolver-connector-basic-1.9.16.jar:/Users/harshitgarg/.m2/repository/org/apache/maven/resolver/maven-resolver-spi/1.9.16/maven-resolver-spi-1.9.16.jar:/Users/harshitgarg/.m2/repository/org/apache/maven/resolver/maven-resolver-util/1.9.16/maven-resolver-util-1.9.16.jar:/Users/harshitgarg/.m2/repository/org/apache/maven/resolver/maven-resolver-impl/1.9.16/maven-resolver-impl-1.9.16.jar:/Users/harshitgarg/.m2/repository/org/apache/maven/resolver/maven-resolver-named-locks/1.9.16/maven-resolver-named-locks-1.9.16.jar:/Users/harshitgarg/.m2/repository/org/apache/maven/maven-resolver-provider/3.9.5/maven-resolver-provider-3.9.5.jar:/Users/harshitgarg/.m2/repository/org/apache/maven/maven-model/3.9.5/maven-model-3.9.5.jar:/Users/harshitgarg/.m2/repository/org/apache/maven/maven-model-builder/3.9.5/maven-model-builder-3.9.5.jar:/Users/harshitgarg/.m2/repository/org/codehaus/plexus/plexus-interpolation/1.26/plexus-interpolation-1.26.jar:/Users/harshitgarg/.m2/repository/org/apache/maven/maven-artifact/3.9.5/maven-artifact-3.9.5.jar:/Users/harshitgarg/.m2/repository/org/apache/maven/maven-builder-support/3.9.5/maven-builder-support-3.9.5.jar:/Users/harshitgarg/.m2/repository/org/apache/maven/maven-repository-metadata/3.9.5/maven-repository-metadata-3.9.5.jar:/Users/harshitgarg/.m2/repository/org/apache/maven/resolver/maven-resolver-transport-http/1.9.16/maven-resolver-transport-http-1.9.16.jar:/Users/harshitgarg/.m2/repository/org/apache/httpcomponents/httpclient/4.5.14/httpclient-4.5.14.jar:/Users/harshitgarg/.m2/repository/org/apache/httpcomponents/httpcore/4.4.16/httpcore-4.4.16.jar:/Users/harshitgarg/.m2/repository/commons-codec/commons-codec/1.16.1/commons-codec-1.16.1.jar:/Users/harshitgarg/.m2/repository/org/apache/maven/resolver/maven-resolver-api/1.9.18/maven-resolver-api-1.9.18.jar:/Users/harshitgarg/.m2/repository/org/sonatype/sisu/sisu-inject-plexus/2.6.0/sisu-inject-plexus-2.6.0.jar:/Users/harshitgarg/.m2/repository/org/codehaus/plexus/plexus-component-annotations/1.5.5/plexus-component-annotations-1.5.5.jar:/Users/harshitgarg/.m2/repository/org/codehaus/plexus/plexus-classworlds/2.5.2/plexus-classworlds-2.5.2.jar:/Users/harshitgarg/.m2/repository/org/codehaus/plexus/plexus-utils/3.0.18/plexus-utils-3.0.18.jar:/Users/harshitgarg/.m2/repository/org/sonatype/sisu/sisu-inject-bean/2.6.0/sisu-inject-bean-2.6.0.jar:/Users/harshitgarg/.m2/repository/javax/enterprise/cdi-api/1.0/cdi-api-1.0.jar:/Users/harshitgarg/.m2/repository/javax/annotation/jsr250-api/1.0/jsr250-api-1.0.jar:/Users/harshitgarg/.m2/repository/org/sonatype/sisu/sisu-guice/3.2.5/sisu-guice-3.2.5-no_aop.jar:/Users/harshitgarg/.m2/repository/com/google/guava/guava/16.0.1/guava-16.0.1.jar:/Users/harshitgarg/.m2/repository/org/eclipse/sisu/org.eclipse.sisu.inject/0.3.0/org.eclipse.sisu.inject-0.3.0.jar:/Users/harshitgarg/.m2/repository/org/eclipse/sisu/org.eclipse.sisu.plexus/0.3.0/org.eclipse.sisu.plexus-0.3.0.jar:/Users/harshitgarg/.m2/repository/org/springframework/boot/spring-boot-starter-thymeleaf/3.3.5/spring-boot-starter-thymeleaf-3.3.5.jar:/Users/harshitgarg/.m2/repository/org/thymeleaf/thymeleaf-spring6/3.1.2.RELEASE/thymeleaf-spring6-3.1.2.RELEASE.jar:/Users/harshitgarg/.m2/repository/org/thymeleaf/thymeleaf/3.1.2.RELEASE/thymeleaf-3.1.2.RELEASE.jar:/Users/harshitgarg/.m2/repository/org/attoparser/attoparser/2.0.7.RELEASE/attoparser-2.0.7.RELEASE.jar:/Users/harshitgarg/.m2/repository/org/unbescape/unbescape/1.1.6.RELEASE/unbescape-1.1.6.RELEASE.jar:/Users/harshitgarg/.m2/repository/io/netty/netty-resolver-dns-native-macos/4.1.75.Final/netty-resolver-dns-native-macos-4.1.75.Final.jar:/Users/harshitgarg/.m2/repository/io/netty/netty-resolver-dns-classes-macos/4.1.114.Final/netty-resolver-dns-classes-macos-4.1.114.Final.jar:/Users/harshitgarg/.m2/repository/io/netty/netty-common/4.1.114.Final/netty-common-4.1.114.Final.jar:/Users/harshitgarg/.m2/repository/io/netty/netty-resolver-dns/4.1.114.Final/netty-resolver-dns-4.1.114.Final.jar:/Users/harshitgarg/.m2/repository/io/netty/netty-buffer/4.1.114.Final/netty-buffer-4.1.114.Final.jar:/Users/harshitgarg/.m2/repository/io/netty/netty-resolver/4.1.114.Final/netty-resolver-4.1.114.Final.jar:/Users/harshitgarg/.m2/repository/io/netty/netty-transport/4.1.114.Final/netty-transport-4.1.114.Final.jar:/Users/harshitgarg/.m2/repository/io/netty/netty-codec/4.1.114.Final/netty-codec-4.1.114.Final.jar:/Users/harshitgarg/.m2/repository/io/netty/netty-codec-dns/4.1.114.Final/netty-codec-dns-4.1.114.Final.jar:/Users/harshitgarg/.m2/repository/io/netty/netty-handler/4.1.114.Final/netty-handler-4.1.114.Final.jar:/Users/harshitgarg/.m2/repository/io/netty/netty-transport-native-unix-common/4.1.114.Final/netty-transport-native-unix-common-4.1.114.Final.jar:/Users/harshitgarg/.m2/repository/com/auth0/java-jwt/4.4.0/java-jwt-4.4.0.jar:/Users/harshitgarg/.m2/repository/com/fasterxml/jackson/core/jackson-databind/2.17.2/jackson-databind-2.17.2.jar:/Users/harshitgarg/.m2/repository/com/fasterxml/jackson/core/jackson-annotations/2.17.2/jackson-annotations-2.17.2.jar:/Users/harshitgarg/.m2/repository/com/fasterxml/jackson/core/jackson-core/2.17.2/jackson-core-2.17.2.jar:"/>
    <property name="java.vm.vendor" value="Homebrew"/>
    <property name="sun.arch.data.model" value="64"/>
    <property name="java.vendor.url" value="https://github.com/Homebrew/homebrew-core/issues"/>
    <property name="user.timezone" value="Asia/Kolkata"/>
    <property name="org.jboss.logging.provider" value="slf4j"/>
    <property name="os.name" value="Mac OS X"/>
    <property name="java.vm.specification.version" value="23"/>
    <property name="sun.java.launcher" value="SUN_STANDARD"/>
    <property name="user.country" value="IN"/>
    <property name="sun.boot.library.path" value="/opt/homebrew/Cellar/openjdk/23.0.1/libexec/openjdk.jdk/Contents/Home/lib"/>
    <property name="sun.java.command" value="/Users/harshitgarg/JAVA-projects/apigateway/target/surefire/surefirebooter-20241123170903988_3.jar /Users/harshitgarg/JAVA-projects/apigateway/target/surefire 2024-11-23T17-09-03_934-jvmRun1 surefire-20241123170903988_1tmp surefire_0-20241123170903988_2tmp"/>
    <property name="http.nonProxyHosts" value="local|*.local|169.254/16|*.169.254/16"/>
    <property name="jdk.debug" value="release"/>
    <property name="surefire.test.class.path" value="/Users/harshitgarg/JAVA-projects/apigateway/target/test-classes:/Users/harshitgarg/JAVA-projects/apigateway/target/classes:/Users/harshitgarg/.m2/repository/org/springframework/cloud/spring-cloud-starter-gateway/4.1.5/spring-cloud-starter-gateway-4.1.5.jar:/Users/harshitgarg/.m2/repository/org/springframework/cloud/spring-cloud-starter/4.1.4/spring-cloud-starter-4.1.4.jar:/Users/harshitgarg/.m2/repository/org/springframework/cloud/spring-cloud-context/4.1.4/spring-cloud-context-4.1.4.jar:/Users/harshitgarg/.m2/repository/org/springframework/security/spring-security-crypto/6.3.4/spring-security-crypto-6.3.4.jar:/Users/harshitgarg/.m2/repository/org/springframework/cloud/spring-cloud-commons/4.1.4/spring-cloud-commons-4.1.4.jar:/Users/harshitgarg/.m2/repository/org/springframework/security/spring-security-rsa/1.1.3/spring-security-rsa-1.1.3.jar:/Users/harshitgarg/.m2/repository/org/bouncycastle/bcprov-jdk18on/1.78/bcprov-jdk18on-1.78.jar:/Users/harshitgarg/.m2/repository/org/springframework/cloud/spring-cloud-gateway-server/4.1.5/spring-cloud-gateway-server-4.1.5.jar:/Users/harshitgarg/.m2/repository/org/springframework/boot/spring-boot-starter-validation/3.3.5/spring-boot-starter-validation-3.3.5.jar:/Users/harshitgarg/.m2/repository/org/apache/tomcat/embed/tomcat-embed-el/10.1.31/tomcat-embed-el-10.1.31.jar:/Users/harshitgarg/.m2/repository/org/hibernate/validator/hibernate-validator/8.0.1.Final/hibernate-validator-8.0.1.Final.jar:/Users/harshitgarg/.m2/repository/jakarta/validation/jakarta.validation-api/3.0.2/jakarta.validation-api-3.0.2.jar:/Users/harshitgarg/.m2/repository/org/jboss/logging/jboss-logging/3.5.3.Final/jboss-logging-3.5.3.Final.jar:/Users/harshitgarg/.m2/repository/com/fasterxml/classmate/1.7.0/classmate-1.7.0.jar:/Users/harshitgarg/.m2/repository/io/projectreactor/addons/reactor-extra/3.5.2/reactor-extra-3.5.2.jar:/Users/harshitgarg/.m2/repository/org/springframework/boot/spring-boot-starter-webflux/3.3.5/spring-boot-starter-webflux-3.3.5.jar:/Users/harshitgarg/.m2/repository/org/springframework/boot/spring-boot-starter-json/3.3.5/spring-boot-starter-json-3.3.5.jar:/Users/harshitgarg/.m2/repository/com/fasterxml/jackson/datatype/jackson-datatype-jdk8/2.17.2/jackson-datatype-jdk8-2.17.2.jar:/Users/harshitgarg/.m2/repository/com/fasterxml/jackson/datatype/jackson-datatype-jsr310/2.17.2/jackson-datatype-jsr310-2.17.2.jar:/Users/harshitgarg/.m2/repository/com/fasterxml/jackson/module/jackson-module-parameter-names/2.17.2/jackson-module-parameter-names-2.17.2.jar:/Users/harshitgarg/.m2/repository/org/springframework/boot/spring-boot-starter-reactor-netty/3.3.5/spring-boot-starter-reactor-netty-3.3.5.jar:/Users/harshitgarg/.m2/repository/io/projectreactor/netty/reactor-netty-http/1.1.23/reactor-netty-http-1.1.23.jar:/Users/harshitgarg/.m2/repository/io/netty/netty-codec-http/4.1.114.Final/netty-codec-http-4.1.114.Final.jar:/Users/harshitgarg/.m2/repository/io/netty/netty-codec-http2/4.1.114.Final/netty-codec-http2-4.1.114.Final.jar:/Users/harshitgarg/.m2/repository/io/netty/netty-resolver-dns-native-macos/4.1.114.Final/netty-resolver-dns-native-macos-4.1.114.Final-osx-x86_64.jar:/Users/harshitgarg/.m2/repository/io/netty/netty-transport-native-epoll/4.1.114.Final/netty-transport-native-epoll-4.1.114.Final-linux-x86_64.jar:/Users/harshitgarg/.m2/repository/io/netty/netty-transport-classes-epoll/4.1.114.Final/netty-transport-classes-epoll-4.1.114.Final.jar:/Users/harshitgarg/.m2/repository/io/projectreactor/netty/reactor-netty-core/1.1.23/reactor-netty-core-1.1.23.jar:/Users/harshitgarg/.m2/repository/io/netty/netty-handler-proxy/4.1.114.Final/netty-handler-proxy-4.1.114.Final.jar:/Users/harshitgarg/.m2/repository/io/netty/netty-codec-socks/4.1.114.Final/netty-codec-socks-4.1.114.Final.jar:/Users/harshitgarg/.m2/repository/org/springframework/spring-web/6.1.14/spring-web-6.1.14.jar:/Users/harshitgarg/.m2/repository/org/springframework/spring-beans/6.1.14/spring-beans-6.1.14.jar:/Users/harshitgarg/.m2/repository/org/springframework/spring-webflux/6.1.14/spring-webflux-6.1.14.jar:/Users/harshitgarg/.m2/repository/org/springframework/cloud/spring-cloud-starter-circuitbreaker-reactor-resilience4j/3.1.2/spring-cloud-starter-circuitbreaker-reactor-resilience4j-3.1.2.jar:/Users/harshitgarg/.m2/repository/org/springframework/cloud/spring-cloud-circuitbreaker-resilience4j/3.1.2/spring-cloud-circuitbreaker-resilience4j-3.1.2.jar:/Users/harshitgarg/.m2/repository/io/micrometer/micrometer-observation/1.13.6/micrometer-observation-1.13.6.jar:/Users/harshitgarg/.m2/repository/io/micrometer/micrometer-commons/1.13.6/micrometer-commons-1.13.6.jar:/Users/harshitgarg/.m2/repository/io/github/resilience4j/resilience4j-spring-boot3/2.1.0/resilience4j-spring-boot3-2.1.0.jar:/Users/harshitgarg/.m2/repository/io/github/resilience4j/resilience4j-spring6/2.1.0/resilience4j-spring6-2.1.0.jar:/Users/harshitgarg/.m2/repository/io/github/resilience4j/resilience4j-annotations/2.1.0/resilience4j-annotations-2.1.0.jar:/Users/harshitgarg/.m2/repository/io/github/resilience4j/resilience4j-consumer/2.1.0/resilience4j-consumer-2.1.0.jar:/Users/harshitgarg/.m2/repository/io/github/resilience4j/resilience4j-circularbuffer/2.1.0/resilience4j-circularbuffer-2.1.0.jar:/Users/harshitgarg/.m2/repository/io/github/resilience4j/resilience4j-framework-common/2.1.0/resilience4j-framework-common-2.1.0.jar:/Users/harshitgarg/.m2/repository/io/github/resilience4j/resilience4j-micrometer/2.1.0/resilience4j-micrometer-2.1.0.jar:/Users/harshitgarg/.m2/repository/io/micrometer/micrometer-core/1.13.6/micrometer-core-1.13.6.jar:/Users/harshitgarg/.m2/repository/org/hdrhistogram/HdrHistogram/2.2.2/HdrHistogram-2.2.2.jar:/Users/harshitgarg/.m2/repository/org/latencyutils/LatencyUtils/2.0.3/LatencyUtils-2.0.3.jar:/Users/harshitgarg/.m2/repository/org/springframework/boot/spring-boot-configuration-processor/3.3.5/spring-boot-configuration-processor-3.3.5.jar:/Users/harshitgarg/.m2/repository/io/github/resilience4j/resilience4j-circuitbreaker/2.1.0/resilience4j-circuitbreaker-2.1.0.jar:/Users/harshitgarg/.m2/repository/io/github/resilience4j/resilience4j-core/2.1.0/resilience4j-core-2.1.0.jar:/Users/harshitgarg/.m2/repository/org/slf4j/slf4j-api/2.0.16/slf4j-api-2.0.16.jar:/Users/harshitgarg/.m2/repository/io/github/resilience4j/resilience4j-timelimiter/2.1.0/resilience4j-timelimiter-2.1.0.jar:/Users/harshitgarg/.m2/repository/io/github/resilience4j/resilience4j-reactor/2.1.0/resilience4j-reactor-2.1.0.jar:/Users/harshitgarg/.m2/repository/io/github/resilience4j/resilience4j-ratelimiter/2.1.0/resilience4j-ratelimiter-2.1.0.jar:/Users/harshitgarg/.m2/repository/io/github/resilience4j/resilience4j-bulkhead/2.1.0/resilience4j-bulkhead-2.1.0.jar:/Users/harshitgarg/.m2/repository/io/github/resilience4j/resilience4j-retry/2.1.0/resilience4j-retry-2.1.0.jar:/Users/harshitgarg/.m2/repository/org/springframework/boot/spring-boot-starter-test/3.3.5/spring-boot-starter-test-3.3.5.jar:/Users/harshitgarg/.m2/repository/org/springframework/boot/spring-boot-starter/3.3.5/spring-boot-starter-3.3.5.jar:/Users/harshitgarg/.m2/repository/org/springframework/boot/spring-boot/3.3.5/spring-boot-3.3.5.jar:/Users/harshitgarg/.m2/repository/org/springframework/spring-context/6.1.14/spring-context-6.1.14.jar:/Users/harshitgarg/.m2/repository/org/springframework/spring-aop/6.1.14/spring-aop-6.1.14.jar:/Users/harshitgarg/.m2/repository/org/springframework/spring-expression/6.1.14/spring-expression-6.1.14.jar:/Users/harshitgarg/.m2/repository/org/springframework/boot/spring-boot-autoconfigure/3.3.5/spring-boot-autoconfigure-3.3.5.jar:/Users/harshitgarg/.m2/repository/org/springframework/boot/spring-boot-starter-logging/3.3.5/spring-boot-starter-logging-3.3.5.jar:/Users/harshitgarg/.m2/repository/ch/qos/logback/logback-classic/1.5.11/logback-classic-1.5.11.jar:/Users/harshitgarg/.m2/repository/ch/qos/logback/logback-core/1.5.11/logback-core-1.5.11.jar:/Users/harshitgarg/.m2/repository/org/apache/logging/log4j/log4j-to-slf4j/2.23.1/log4j-to-slf4j-2.23.1.jar:/Users/harshitgarg/.m2/repository/org/apache/logging/log4j/log4j-api/2.23.1/log4j-api-2.23.1.jar:/Users/harshitgarg/.m2/repository/org/slf4j/jul-to-slf4j/2.0.16/jul-to-slf4j-2.0.16.jar:/Users/harshitgarg/.m2/repository/jakarta/annotation/jakarta.annotation-api/2.1.1/jakarta.annotation-api-2.1.1.jar:/Users/harshitgarg/.m2/repository/org/yaml/snakeyaml/2.2/snakeyaml-2.2.jar:/Users/harshitgarg/.m2/repository/org/springframework/boot/spring-boot-test/3.3.5/spring-boot-test-3.3.5.jar:/Users/harshitgarg/.m2/repository/org/springframework/boot/spring-boot-test-autoconfigure/3.3.5/spring-boot-test-autoconfigure-3.3.5.jar:/Users/harshitgarg/.m2/repository/com/jayway/jsonpath/json-path/2.9.0/json-path-2.9.0.jar:/Users/harshitgarg/.m2/repository/jakarta/xml/bind/jakarta.xml.bind-api/4.0.2/jakarta.xml.bind-api-4.0.2.jar:/Users/harshitgarg/.m2/repository/jakarta/activation/jakarta.activation-api/2.1.3/jakarta.activation-api-2.1.3.jar:/Users/harshitgarg/.m2/repository/net/minidev/json-smart/2.5.1/json-smart-2.5.1.jar:/Users/harshitgarg/.m2/repository/net/minidev/accessors-smart/2.5.1/accessors-smart-2.5.1.jar:/Users/harshitgarg/.m2/repository/org/ow2/asm/asm/9.6/asm-9.6.jar:/Users/harshitgarg/.m2/repository/org/assertj/assertj-core/3.25.3/assertj-core-3.25.3.jar:/Users/harshitgarg/.m2/repository/net/bytebuddy/byte-buddy/1.14.19/byte-buddy-1.14.19.jar:/Users/harshitgarg/.m2/repository/org/awaitility/awaitility/4.2.2/awaitility-4.2.2.jar:/Users/harshitgarg/.m2/repository/org/hamcrest/hamcrest/2.2/hamcrest-2.2.jar:/Users/harshitgarg/.m2/repository/org/junit/jupiter/junit-jupiter/5.10.5/junit-jupiter-5.10.5.jar:/Users/harshitgarg/.m2/repository/org/junit/jupiter/junit-jupiter-api/5.10.5/junit-jupiter-api-5.10.5.jar:/Users/harshitgarg/.m2/repository/org/opentest4j/opentest4j/1.3.0/opentest4j-1.3.0.jar:/Users/harshitgarg/.m2/repository/org/junit/platform/junit-platform-commons/1.10.5/junit-platform-commons-1.10.5.jar:/Users/harshitgarg/.m2/repository/org/apiguardian/apiguardian-api/1.1.2/apiguardian-api-1.1.2.jar:/Users/harshitgarg/.m2/repository/org/junit/jupiter/junit-jupiter-params/5.10.5/junit-jupiter-params-5.10.5.jar:/Users/harshitgarg/.m2/repository/org/junit/jupiter/junit-jupiter-engine/5.10.5/junit-jupiter-engine-5.10.5.jar:/Users/harshitgarg/.m2/repository/org/junit/platform/junit-platform-engine/1.10.5/junit-platform-engine-1.10.5.jar:/Users/harshitgarg/.m2/repository/org/mockito/mockito-core/5.11.0/mockito-core-5.11.0.jar:/Users/harshitgarg/.m2/repository/net/bytebuddy/byte-buddy-agent/1.14.19/byte-buddy-agent-1.14.19.jar:/Users/harshitgarg/.m2/repository/org/objenesis/objenesis/3.3/objenesis-3.3.jar:/Users/harshitgarg/.m2/repository/org/mockito/mockito-junit-jupiter/5.11.0/mockito-junit-jupiter-5.11.0.jar:/Users/harshitgarg/.m2/repository/org/skyscreamer/jsonassert/1.5.3/jsonassert-1.5.3.jar:/Users/harshitgarg/.m2/repository/com/vaadin/external/google/android-json/0.0.20131108.vaadin1/android-json-0.0.20131108.vaadin1.jar:/Users/harshitgarg/.m2/repository/org/springframework/spring-core/6.1.14/spring-core-6.1.14.jar:/Users/harshitgarg/.m2/repository/org/springframework/spring-jcl/6.1.14/spring-jcl-6.1.14.jar:/Users/harshitgarg/.m2/repository/org/springframework/spring-test/6.1.14/spring-test-6.1.14.jar:/Users/harshitgarg/.m2/repository/org/xmlunit/xmlunit-core/2.9.1/xmlunit-core-2.9.1.jar:/Users/harshitgarg/.m2/repository/io/projectreactor/reactor-test/3.6.11/reactor-test-3.6.11.jar:/Users/harshitgarg/.m2/repository/io/projectreactor/reactor-core/3.6.11/reactor-core-3.6.11.jar:/Users/harshitgarg/.m2/repository/org/reactivestreams/reactive-streams/1.0.4/reactive-streams-1.0.4.jar:/Users/harshitgarg/.m2/repository/org/springframework/cloud/spring-cloud-starter-contract-stub-runner/4.1.4/spring-cloud-starter-contract-stub-runner-4.1.4.jar:/Users/harshitgarg/.m2/repository/org/springframework/cloud/spring-cloud-contract-stub-runner/4.1.4/spring-cloud-contract-stub-runner-4.1.4.jar:/Users/harshitgarg/.m2/repository/org/springframework/cloud/spring-cloud-contract-verifier/4.1.4/spring-cloud-contract-verifier-4.1.4.jar:/Users/harshitgarg/.m2/repository/org/apache/commons/commons-text/1.11.0/commons-text-1.11.0.jar:/Users/harshitgarg/.m2/repository/org/apache/commons/commons-lang3/3.14.0/commons-lang3-3.14.0.jar:/Users/harshitgarg/.m2/repository/javax/inject/javax.inject/1/javax.inject-1.jar:/Users/harshitgarg/.m2/repository/com/toomuchcoding/jsonassert/jsonassert/0.8.0/jsonassert-0.8.0.jar:/Users/harshitgarg/.m2/repository/com/rackspace/eclipse/webtools/sourceediting/org.eclipse.wst.xml.xpath2.processor/2.1.100/org.eclipse.wst.xml.xpath2.processor-2.1.100.jar:/Users/harshitgarg/.m2/repository/edu/princeton/cup/java-cup/10k/java-cup-10k.jar:/Users/harshitgarg/.m2/repository/com/ibm/icu/icu4j/4.6/icu4j-4.6.jar:/Users/harshitgarg/.m2/repository/org/apache/groovy/groovy/4.0.23/groovy-4.0.23.jar:/Users/harshitgarg/.m2/repository/org/apache/groovy/groovy-nio/4.0.23/groovy-nio-4.0.23.jar:/Users/harshitgarg/.m2/repository/org/apache/groovy/groovy-json/4.0.23/groovy-json-4.0.23.jar:/Users/harshitgarg/.m2/repository/org/apache/groovy/groovy-xml/4.0.23/groovy-xml-4.0.23.jar:/Users/harshitgarg/.m2/repository/com/github/jknack/handlebars/4.3.1/handlebars-4.3.1.jar:/Users/harshitgarg/.m2/repository/commons-beanutils/commons-beanutils/1.9.4/commons-beanutils-1.9.4.jar:/Users/harshitgarg/.m2/repository/commons-logging/commons-logging/1.2/commons-logging-1.2.jar:/Users/harshitgarg/.m2/repository/commons-collections/commons-collections/3.2.2/commons-collections-3.2.2.jar:/Users/harshitgarg/.m2/repository/com/fasterxml/jackson/dataformat/jackson-dataformat-yaml/2.17.2/jackson-dataformat-yaml-2.17.2.jar:/Users/harshitgarg/.m2/repository/net/javacrumbs/json-unit/json-unit-assertj/2.38.0/json-unit-assertj-2.38.0.jar:/Users/harshitgarg/.m2/repository/net/javacrumbs/json-unit/json-unit-core/2.38.0/json-unit-core-2.38.0.jar:/Users/harshitgarg/.m2/repository/org/hamcrest/hamcrest-core/2.2/hamcrest-core-2.2.jar:/Users/harshitgarg/.m2/repository/net/javacrumbs/json-unit/json-unit-json-path/2.38.0/json-unit-json-path-2.38.0.jar:/Users/harshitgarg/.m2/repository/org/springframework/cloud/spring-cloud-contract-shade/4.1.4/spring-cloud-contract-shade-4.1.4.jar:/Users/harshitgarg/.m2/repository/org/springframework/cloud/spring-cloud-contract-converters/4.1.4/spring-cloud-contract-converters-4.1.4.jar:/Users/harshitgarg/.m2/repository/org/springframework/cloud/spring-cloud-contract-spec/4.1.4/spring-cloud-contract-spec-4.1.4.jar:/Users/harshitgarg/.m2/repository/org/springframework/cloud/spring-cloud-contract-spec-java/4.1.4/spring-cloud-contract-spec-java-4.1.4.jar:/Users/harshitgarg/.m2/repository/dk/brics/automaton/1.12-4/automaton-1.12-4.jar:/Users/harshitgarg/.m2/repository/org/springframework/cloud/spring-cloud-contract-spec-groovy/4.1.4/spring-cloud-contract-spec-groovy-4.1.4.jar:/Users/harshitgarg/.m2/repository/org/eclipse/jgit/org.eclipse.jgit/6.6.1.202309021850-r/org.eclipse.jgit-6.6.1.202309021850-r.jar:/Users/harshitgarg/.m2/repository/com/googlecode/javaewah/JavaEWAH/1.2.3/JavaEWAH-1.2.3.jar:/Users/harshitgarg/.m2/repository/org/eclipse/jgit/org.eclipse.jgit.ssh.jsch/6.7.0.202309050840-r/org.eclipse.jgit.ssh.jsch-6.7.0.202309050840-r.jar:/Users/harshitgarg/.m2/repository/com/jcraft/jsch/0.1.55/jsch-0.1.55.jar:/Users/harshitgarg/.m2/repository/com/jcraft/jzlib/1.1.3/jzlib-1.1.3.jar:/Users/harshitgarg/.m2/repository/com/jcraft/jsch.agentproxy.sshagent/0.0.9/jsch.agentproxy.sshagent-0.0.9.jar:/Users/harshitgarg/.m2/repository/com/jcraft/jsch.agentproxy.core/0.0.9/jsch.agentproxy.core-0.0.9.jar:/Users/harshitgarg/.m2/repository/com/jcraft/jsch.agentproxy.jsch/0.0.9/jsch.agentproxy.jsch-0.0.9.jar:/Users/harshitgarg/.m2/repository/com/jcraft/jsch.agentproxy.usocket-jna/0.0.9/jsch.agentproxy.usocket-jna-0.0.9.jar:/Users/harshitgarg/.m2/repository/net/java/dev/jna/jna/4.1.0/jna-4.1.0.jar:/Users/harshitgarg/.m2/repository/net/java/dev/jna/jna-platform/4.1.0/jna-platform-4.1.0.jar:/Users/harshitgarg/.m2/repository/org/springframework/cloud/spring-cloud-contract-wiremock/4.1.4/spring-cloud-contract-wiremock-4.1.4.jar:/Users/harshitgarg/.m2/repository/com/github/tomakehurst/wiremock-jre8-standalone/2.35.1/wiremock-jre8-standalone-2.35.1.jar:/Users/harshitgarg/.m2/repository/org/apache/httpcomponents/client5/httpclient5/5.3.1/httpclient5-5.3.1.jar:/Users/harshitgarg/.m2/repository/org/apache/httpcomponents/core5/httpcore5/5.2.5/httpcore5-5.2.5.jar:/Users/harshitgarg/.m2/repository/org/apache/httpcomponents/core5/httpcore5-h2/5.2.5/httpcore5-h2-5.2.5.jar:/Users/harshitgarg/.m2/repository/org/springframework/cloud/spring-cloud-test-support/4.1.4/spring-cloud-test-support-4.1.4.jar:/Users/harshitgarg/.m2/repository/org/apache/maven/resolver/maven-resolver-connector-basic/1.9.16/maven-resolver-connector-basic-1.9.16.jar:/Users/harshitgarg/.m2/repository/org/apache/maven/resolver/maven-resolver-spi/1.9.16/maven-resolver-spi-1.9.16.jar:/Users/harshitgarg/.m2/repository/org/apache/maven/resolver/maven-resolver-util/1.9.16/maven-resolver-util-1.9.16.jar:/Users/harshitgarg/.m2/repository/org/apache/maven/resolver/maven-resolver-impl/1.9.16/maven-resolver-impl-1.9.16.jar:/Users/harshitgarg/.m2/repository/org/apache/maven/resolver/maven-resolver-named-locks/1.9.16/maven-resolver-named-locks-1.9.16.jar:/Users/harshitgarg/.m2/repository/org/apache/maven/maven-resolver-provider/3.9.5/maven-resolver-provider-3.9.5.jar:/Users/harshitgarg/.m2/repository/org/apache/maven/maven-model/3.9.5/maven-model-3.9.5.jar:/Users/harshitgarg/.m2/repository/org/apache/maven/maven-model-builder/3.9.5/maven-model-builder-3.9.5.jar:/Users/harshitgarg/.m2/repository/org/codehaus/plexus/plexus-interpolation/1.26/plexus-interpolation-1.26.jar:/Users/harshitgarg/.m2/repository/org/apache/maven/maven-artifact/3.9.5/maven-artifact-3.9.5.jar:/Users/harshitgarg/.m2/repository/org/apache/maven/maven-builder-support/3.9.5/maven-builder-support-3.9.5.jar:/Users/harshitgarg/.m2/repository/org/apache/maven/maven-repository-metadata/3.9.5/maven-repository-metadata-3.9.5.jar:/Users/harshitgarg/.m2/repository/org/apache/maven/resolver/maven-resolver-transport-http/1.9.16/maven-resolver-transport-http-1.9.16.jar:/Users/harshitgarg/.m2/repository/org/apache/httpcomponents/httpclient/4.5.14/httpclient-4.5.14.jar:/Users/harshitgarg/.m2/repository/org/apache/httpcomponents/httpcore/4.4.16/httpcore-4.4.16.jar:/Users/harshitgarg/.m2/repository/commons-codec/commons-codec/1.16.1/commons-codec-1.16.1.jar:/Users/harshitgarg/.m2/repository/org/apache/maven/resolver/maven-resolver-api/1.9.18/maven-resolver-api-1.9.18.jar:/Users/harshitgarg/.m2/repository/org/sonatype/sisu/sisu-inject-plexus/2.6.0/sisu-inject-plexus-2.6.0.jar:/Users/harshitgarg/.m2/repository/org/codehaus/plexus/plexus-component-annotations/1.5.5/plexus-component-annotations-1.5.5.jar:/Users/harshitgarg/.m2/repository/org/codehaus/plexus/plexus-classworlds/2.5.2/plexus-classworlds-2.5.2.jar:/Users/harshitgarg/.m2/repository/org/codehaus/plexus/plexus-utils/3.0.18/plexus-utils-3.0.18.jar:/Users/harshitgarg/.m2/repository/org/sonatype/sisu/sisu-inject-bean/2.6.0/sisu-inject-bean-2.6.0.jar:/Users/harshitgarg/.m2/repository/javax/enterprise/cdi-api/1.0/cdi-api-1.0.jar:/Users/harshitgarg/.m2/repository/javax/annotation/jsr250-api/1.0/jsr250-api-1.0.jar:/Users/harshitgarg/.m2/repository/org/sonatype/sisu/sisu-guice/3.2.5/sisu-guice-3.2.5-no_aop.jar:/Users/harshitgarg/.m2/repository/com/google/guava/guava/16.0.1/guava-16.0.1.jar:/Users/harshitgarg/.m2/repository/org/eclipse/sisu/org.eclipse.sisu.inject/0.3.0/org.eclipse.sisu.inject-0.3.0.jar:/Users/harshitgarg/.m2/repository/org/eclipse/sisu/org.eclipse.sisu.plexus/0.3.0/org.eclipse.sisu.plexus-0.3.0.jar:/Users/harshitgarg/.m2/repository/org/springframework/boot/spring-boot-starter-thymeleaf/3.3.5/spring-boot-starter-thymeleaf-3.3.5.jar:/Users/harshitgarg/.m2/repository/org/thymeleaf/thymeleaf-spring6/3.1.2.RELEASE/thymeleaf-spring6-3.1.2.RELEASE.jar:/Users/harshitgarg/.m2/repository/org/thymeleaf/thymeleaf/3.1.2.RELEASE/thymeleaf-3.1.2.RELEASE.jar:/Users/harshitgarg/.m2/repository/org/attoparser/attoparser/2.0.7.RELEASE/attoparser-2.0.7.RELEASE.jar:/Users/harshitgarg/.m2/repository/org/unbescape/unbescape/1.1.6.RELEASE/unbescape-1.1.6.RELEASE.jar:/Users/harshitgarg/.m2/repository/io/netty/netty-resolver-dns-native-macos/4.1.75.Final/netty-resolver-dns-native-macos-4.1.75.Final.jar:/Users/harshitgarg/.m2/repository/io/netty/netty-resolver-dns-classes-macos/4.1.114.Final/netty-resolver-dns-classes-macos-4.1.114.Final.jar:/Users/harshitgarg/.m2/repository/io/netty/netty-common/4.1.114.Final/netty-common-4.1.114.Final.jar:/Users/harshitgarg/.m2/repository/io/netty/netty-resolver-dns/4.1.114.Final/netty-resolver-dns-4.1.114.Final.jar:/Users/harshitgarg/.m2/repository/io/netty/netty-buffer/4.1.114.Final/netty-buffer-4.1.114.Final.jar:/Users/harshitgarg/.m2/repository/io/netty/netty-resolver/4.1.114.Final/netty-resolver-4.1.114.Final.jar:/Users/harshitgarg/.m2/repository/io/netty/netty-transport/4.1.114.Final/netty-transport-4.1.114.Final.jar:/Users/harshitgarg/.m2/repository/io/netty/netty-codec/4.1.114.Final/netty-codec-4.1.114.Final.jar:/Users/harshitgarg/.m2/repository/io/netty/netty-codec-dns/4.1.114.Final/netty-codec-dns-4.1.114.Final.jar:/Users/harshitgarg/.m2/repository/io/netty/netty-handler/4.1.114.Final/netty-handler-4.1.114.Final.jar:/Users/harshitgarg/.m2/repository/io/netty/netty-transport-native-unix-common/4.1.114.Final/netty-transport-native-unix-common-4.1.114.Final.jar:/Users/harshitgarg/.m2/repository/com/auth0/java-jwt/4.4.0/java-jwt-4.4.0.jar:/Users/harshitgarg/.m2/repository/com/fasterxml/jackson/core/jackson-databind/2.17.2/jackson-databind-2.17.2.jar:/Users/harshitgarg/.m2/repository/com/fasterxml/jackson/core/jackson-annotations/2.17.2/jackson-annotations-2.17.2.jar:/Users/harshitgarg/.m2/repository/com/fasterxml/jackson/core/jackson-core/2.17.2/jackson-core-2.17.2.jar:"/>
    <property name="sun.cpu.endian" value="little"/>
    <property name="user.home" value="/Users/harshitgarg"/>
    <property name="user.language" value="en"/>
    <property name="java.specification.vendor" value="Oracle Corporation"/>
    <property name="java.version.date" value="2024-10-15"/>
    <property name="java.home" value="/opt/homebrew/Cellar/openjdk/23.0.1/libexec/openjdk.jdk/Contents/Home"/>
    <property name="file.separator" value="/"/>
    <property name="basedir" value="/Users/harshitgarg/JAVA-projects/apigateway"/>
    <property name="java.vm.compressedOopsMode" value="Zero based"/>
    <property name="line.separator" value="&#10;"/>
    <property name="java.vm.specification.vendor" value="Oracle Corporation"/>
    <property name="java.specification.name" value="Java Platform API Specification"/>
    <property name="FILE_LOG_CHARSET" value="UTF-8"/>
    <property name="java.awt.headless" value="true"/>
    <property name="apple.awt.application.name" value="ForkedBooter"/>
    <property name="surefire.real.class.path" value="/Users/harshitgarg/JAVA-projects/apigateway/target/surefire/surefirebooter-20241123170903988_3.jar"/>
    <property name="sun.management.compiler" value="HotSpot 64-Bit Tiered Compilers"/>
    <property name="ftp.nonProxyHosts" value="local|*.local|169.254/16|*.169.254/16"/>
    <property name="java.runtime.version" value="23.0.1"/>
    <property name="user.name" value="harshitgarg"/>
    <property name="stdout.encoding" value="UTF-8"/>
    <property name="path.separator" value=":"/>
    <property name="os.version" value="14.6.1"/>
    <property name="java.runtime.name" value="OpenJDK Runtime Environment"/>
    <property name="file.encoding" value="UTF-8"/>
    <property name="java.vm.name" value="OpenJDK 64-Bit Server VM"/>
    <property name="java.vendor.version" value="Homebrew"/>
    <property name="localRepository" value="/Users/harshitgarg/.m2/repository"/>
    <property name="java.vendor.url.bug" value="https://github.com/Homebrew/homebrew-core/issues"/>
    <property name="java.io.tmpdir" value="/var/folders/m8/r1l7tm8j6xl1gst1m67lk6480000gn/T/"/>
    <property name="java.version" value="23.0.1"/>
    <property name="user.dir" value="/Users/harshitgarg/JAVA-projects/apigateway"/>
    <property name="os.arch" value="aarch64"/>
    <property name="java.vm.specification.name" value="Java Virtual Machine Specification"/>
    <property name="PID" value="4692"/>
    <property name="CONSOLE_LOG_CHARSET" value="UTF-8"/>
    <property name="native.encoding" value="UTF-8"/>
    <property name="java.library.path" value="/Users/harshitgarg/Library/Java/Extensions:/Library/Java/Extensions:/Network/Library/Java/Extensions:/System/Library/Java/Extensions:/usr/lib/java:."/>
    <property name="java.vm.info" value="mixed mode, sharing"/>
    <property name="stderr.encoding" value="UTF-8"/>
    <property name="java.vendor" value="Homebrew"/>
    <property name="java.vm.version" value="23.0.1"/>
    <property name="sun.io.unicode.encoding" value="UnicodeBig"/>
    <property name="socksNonProxyHosts" value="local|*.local|169.254/16|*.169.254/16"/>
    <property name="java.class.version" value="67.0"/>
  </properties>
  <testcase name="test_authenticator_get_api" classname="org.harshit.apigateway.ApigatewayApplicationTests" time="0.58">
    <system-out><![CDATA[17:09:04.471 [main] INFO org.springframework.test.context.support.AnnotationConfigContextLoaderUtils -- Could not detect default configuration classes for test class [org.harshit.apigateway.ApigatewayApplicationTests]: ApigatewayApplicationTests does not declare any static, non-private, non-final, nested classes annotated with @Configuration.
17:09:04.525 [main] INFO org.springframework.boot.test.context.SpringBootTestContextBootstrapper -- Found @SpringBootConfiguration org.harshit.apigateway.ApigatewayApplication for test class org.harshit.apigateway.ApigatewayApplicationTests

  .   ____          _            __ _ _
 /\\ / ___'_ __ _ _(_)_ __  __ _ \ \ \ \
( ( )\___ | '_ | '_| | '_ \/ _` | \ \ \ \
 \\/  ___)| |_)| | | | | || (_| |  ) ) ) )
  '  |____| .__|_| |_|_| |_\__, | / / / /
 =========|_|==============|___/=/_/_/_/

 :: Spring Boot ::                (v3.3.5)

2024-11-23T17:09:04.751+05:30  INFO 4692 --- [           main] o.h.a.ApigatewayApplicationTests         : Starting ApigatewayApplicationTests using Java 23.0.1 with PID 4692 (started by harshitgarg in /Users/harshitgarg/JAVA-projects/apigateway)
2024-11-23T17:09:04.752+05:30  INFO 4692 --- [           main] o.h.a.ApigatewayApplicationTests         : No active profile set, falling back to 1 default profile: "default"
2024-11-23T17:09:05.336+05:30  INFO 4692 --- [           main] o.s.cloud.context.scope.GenericScope     : BeanFactory id=153850d5-e17e-3730-a86b-a7ad82382b2c
2024-11-23T17:09:05.740+05:30  INFO 4692 --- [           main] o.s.c.g.r.RouteDefinitionRouteLocator    : Loaded RoutePredicateFactory [After]
2024-11-23T17:09:05.740+05:30  INFO 4692 --- [           main] o.s.c.g.r.RouteDefinitionRouteLocator    : Loaded RoutePredicateFactory [Before]
2024-11-23T17:09:05.740+05:30  INFO 4692 --- [           main] o.s.c.g.r.RouteDefinitionRouteLocator    : Loaded RoutePredicateFactory [Between]
2024-11-23T17:09:05.740+05:30  INFO 4692 --- [           main] o.s.c.g.r.RouteDefinitionRouteLocator    : Loaded RoutePredicateFactory [Cookie]
2024-11-23T17:09:05.741+05:30  INFO 4692 --- [           main] o.s.c.g.r.RouteDefinitionRouteLocator    : Loaded RoutePredicateFactory [Header]
2024-11-23T17:09:05.741+05:30  INFO 4692 --- [           main] o.s.c.g.r.RouteDefinitionRouteLocator    : Loaded RoutePredicateFactory [Host]
2024-11-23T17:09:05.741+05:30  INFO 4692 --- [           main] o.s.c.g.r.RouteDefinitionRouteLocator    : Loaded RoutePredicateFactory [Method]
2024-11-23T17:09:05.741+05:30  INFO 4692 --- [           main] o.s.c.g.r.RouteDefinitionRouteLocator    : Loaded RoutePredicateFactory [Path]
2024-11-23T17:09:05.741+05:30  INFO 4692 --- [           main] o.s.c.g.r.RouteDefinitionRouteLocator    : Loaded RoutePredicateFactory [Query]
2024-11-23T17:09:05.741+05:30  INFO 4692 --- [           main] o.s.c.g.r.RouteDefinitionRouteLocator    : Loaded RoutePredicateFactory [ReadBody]
2024-11-23T17:09:05.741+05:30  INFO 4692 --- [           main] o.s.c.g.r.RouteDefinitionRouteLocator    : Loaded RoutePredicateFactory [RemoteAddr]
2024-11-23T17:09:05.741+05:30  INFO 4692 --- [           main] o.s.c.g.r.RouteDefinitionRouteLocator    : Loaded RoutePredicateFactory [XForwardedRemoteAddr]
2024-11-23T17:09:05.741+05:30  INFO 4692 --- [           main] o.s.c.g.r.RouteDefinitionRouteLocator    : Loaded RoutePredicateFactory [Weight]
2024-11-23T17:09:05.741+05:30  INFO 4692 --- [           main] o.s.c.g.r.RouteDefinitionRouteLocator    : Loaded RoutePredicateFactory [CloudFoundryRouteService]
2024-11-23T17:09:06.026+05:30  INFO 4692 --- [           main] o.s.b.web.embedded.netty.NettyWebServer  : Netty started on port 51713 (http)
2024-11-23T17:09:06.044+05:30  INFO 4692 --- [           main] o.h.a.ApigatewayApplicationTests         : Started ApigatewayApplicationTests in 1.449 seconds (process running for 2.005)
######################################
Server running at port: 51713
######################################
2024-11-23T17:09:06.514+05:30 ERROR 4692 --- [           main] i.n.r.d.DnsServerAddressStreamProviders  : Unable to load io.netty.resolver.dns.macos.MacOSDnsServerAddressStreamProvider, fallback to system defaults. This may result in incorrect DNS resolutions on MacOS. Check whether you have a dependency on 'io.netty:netty-resolver-dns-native-macos'. Use DEBUG level to see the full stack: java.lang.UnsatisfiedLinkError: failed to load the required native library
]]></system-out>
    <system-err><![CDATA[WARNING: A Java agent has been loaded dynamically (/Users/harshitgarg/.m2/repository/net/bytebuddy/byte-buddy-agent/1.14.19/byte-buddy-agent-1.14.19.jar)
WARNING: If a serviceability tool is in use, please run with -XX:+EnableDynamicAgentLoading to hide this warning
WARNING: If a serviceability tool is not in use, please run with -Djdk.instrument.traceUsage for more information
WARNING: Dynamic loading of agents will be disallowed by default in a future release
]]></system-err>
  </testcase>
  <testcase name="test_root_path" classname="org.harshit.apigateway.ApigatewayApplicationTests" time="0.017">
    <system-out><![CDATA[######################################
Server running at port: 51713
######################################
Calling root page
]]></system-out>
  </testcase>
  <testcase name="test_fallback_path" classname="org.harshit.apigateway.ApigatewayApplicationTests" time="0.006">
    <system-out><![CDATA[######################################
Server running at port: 51713
######################################
Calling fallback page
]]></system-out>
  </testcase>
  <testcase name="test_authenticator_post_api_1" classname="org.harshit.apigateway.ApigatewayApplicationTests" time="0.051">
    <system-out><![CDATA[######################################
Server running at port: 51713
######################################
Received JWT token: eyJhbGciOiJSUzI1NiIsInR5cCI6IkpXVCJ9.eyJzdWIiOiJIYXJzaGl0IiwiaXNzIjoiaGFyc2hpdCJ9.KKcq7IfYUol9dq0OdMzYaWsp9kno6QSZKBKmNp5VIp9ZxQz5995T4vLDmz_BBY-e5tiWDRmhyHXGq0MgbRzPEBMyJZDIq3Xya2RKG8ulsWVHns8UOrfwaOjjPbLRzZmlCrAXJX8vHKSCbbzxG-nWEFcOa52PNlOFgIQNHGYVpBTb8lDElp7ASALiMvZMgCIxM0ppbtfExjlZAgQ5UBQfWiCTS3MMI5pWpTNO5EKaE3Cj07qr-23rXeYZy6x1MtAoCvasRDalJXjRUAtarlvW8eU5GNMuxS-kijkx7KRhn7ElZFJTwmz5TJ_u2z9YIkd_Cs2hE5WtL5eMKBVMuxd89A
]]></system-out>
  </testcase>
  <testcase name="test_authenticator_post_api" classname="org.harshit.apigateway.ApigatewayApplicationTests" time="0.015">
    <system-out><![CDATA[######################################
Server running at port: 51713
######################################
]]></system-out>
  </testcase>
  <testcase name="test_userinfo_post_api_1" classname="org.harshit.apigateway.ApigatewayApplicationTests" time="0.044">
    <system-out><![CDATA[######################################
Server running at port: 51713
######################################
[FILTER] Authentication filter invoked
[FILTER] Header: [accept-encoding:"gzip", user-agent:"ReactorNetty/1.1.23", host:"localhost:51713", accept:"*/*", transfer-encoding:"chunked", WebTestClient-Request-Id:"6"]
[FILTER] JWT TOKEN: null
[FILTER] Validating...
[FILTER] Exeption thrown: The token is null.
]]></system-out>
  </testcase>
  <testcase name="test_userinfo_get_api_1" classname="org.harshit.apigateway.ApigatewayApplicationTests" time="0.004">
    <system-out><![CDATA[######################################
Server running at port: 51713
######################################
[FILTER] Authentication filter invoked
[FILTER] Header: [accept-encoding:"gzip", user-agent:"ReactorNetty/1.1.23", host:"localhost:51713", accept:"*/*", WebTestClient-Request-Id:"7"]
[FILTER] JWT TOKEN: null
[FILTER] Validating...
[FILTER] Exeption thrown: The token is null.
]]></system-out>
  </testcase>
  <testcase name="test_userinfo_get_api_2" classname="org.harshit.apigateway.ApigatewayApplicationTests" time="0.043">
    <system-out><![CDATA[######################################
Server running at port: 51713
######################################
Received JWT token: eyJhbGciOiJSUzI1NiIsInR5cCI6IkpXVCJ9.eyJzdWIiOiJIYXJzaGl0IiwiaXNzIjoiaGFyc2hpdCJ9.KKcq7IfYUol9dq0OdMzYaWsp9kno6QSZKBKmNp5VIp9ZxQz5995T4vLDmz_BBY-e5tiWDRmhyHXGq0MgbRzPEBMyJZDIq3Xya2RKG8ulsWVHns8UOrfwaOjjPbLRzZmlCrAXJX8vHKSCbbzxG-nWEFcOa52PNlOFgIQNHGYVpBTb8lDElp7ASALiMvZMgCIxM0ppbtfExjlZAgQ5UBQfWiCTS3MMI5pWpTNO5EKaE3Cj07qr-23rXeYZy6x1MtAoCvasRDalJXjRUAtarlvW8eU5GNMuxS-kijkx7KRhn7ElZFJTwmz5TJ_u2z9YIkd_Cs2hE5WtL5eMKBVMuxd89A
[FILTER] Authentication filter invoked
[FILTER] Header: [accept-encoding:"gzip", user-agent:"ReactorNetty/1.1.23", host:"localhost:51713", accept:"*/*", WebTestClient-Request-Id:"9", Authorization:"eyJhbGciOiJSUzI1NiIsInR5cCI6IkpXVCJ9.eyJzdWIiOiJIYXJzaGl0IiwiaXNzIjoiaGFyc2hpdCJ9.KKcq7IfYUol9dq0OdMzYaWsp9kno6QSZKBKmNp5VIp9ZxQz5995T4vLDmz_BBY-e5tiWDRmhyHXGq0MgbRzPEBMyJZDIq3Xya2RKG8ulsWVHns8UOrfwaOjjPbLRzZmlCrAXJX8vHKSCbbzxG-nWEFcOa52PNlOFgIQNHGYVpBTb8lDElp7ASALiMvZMgCIxM0ppbtfExjlZAgQ5UBQfWiCTS3MMI5pWpTNO5EKaE3Cj07qr-23rXeYZy6x1MtAoCvasRDalJXjRUAtarlvW8eU5GNMuxS-kijkx7KRhn7ElZFJTwmz5TJ_u2z9YIkd_Cs2hE5WtL5eMKBVMuxd89A"]
[FILTER] JWT TOKEN: eyJhbGciOiJSUzI1NiIsInR5cCI6IkpXVCJ9.eyJzdWIiOiJIYXJzaGl0IiwiaXNzIjoiaGFyc2hpdCJ9.KKcq7IfYUol9dq0OdMzYaWsp9kno6QSZKBKmNp5VIp9ZxQz5995T4vLDmz_BBY-e5tiWDRmhyHXGq0MgbRzPEBMyJZDIq3Xya2RKG8ulsWVHns8UOrfwaOjjPbLRzZmlCrAXJX8vHKSCbbzxG-nWEFcOa52PNlOFgIQNHGYVpBTb8lDElp7ASALiMvZMgCIxM0ppbtfExjlZAgQ5UBQfWiCTS3MMI5pWpTNO5EKaE3Cj07qr-23rXeYZy6x1MtAoCvasRDalJXjRUAtarlvW8eU5GNMuxS-kijkx7KRhn7ElZFJTwmz5TJ_u2z9YIkd_Cs2hE5WtL5eMKBVMuxd89A
[FILTER] Validating...
[FILTER] Decoded Token: Harshit
[FILTER] Successfull validation of JWT token
]]></system-out>
  </testcase>
</testsuite>